#
# There is insufficient memory for the Java Runtime Environment to continue.
# Native memory allocation (malloc) failed to allocate 32784 bytes for Chunk::new
# Possible reasons:
#   The system is out of physical RAM or swap space
#   The process is running with CompressedOops enabled, and the Java Heap may be blocking the growth of the native heap
# Possible solutions:
#   Reduce memory load on the system
#   Increase physical memory or swap space
#   Check if swap backing store is full
#   Decrease Java heap size (-Xmx/-Xms)
#   Decrease number of Java threads
#   Decrease Java thread stack sizes (-Xss)
#   Set larger code cache with -XX:ReservedCodeCacheSize=
#   JVM is running with Unscaled Compressed Oops mode in which the Java heap is
#     placed in the first 4GB address space. The Java Heap base address is the
#     maximum limit for the native heap growth. Please use -XX:HeapBaseMinAddress
#     to set the Java Heap base and to place the Java Heap above 4GB virtual address.
# This output file may be truncated or incomplete.
#
#  Out of Memory Error (allocation.cpp:389), pid=1804, tid=0x0000000000002c08
#
# JRE version: Java(TM) SE Runtime Environment (8.0_281-b09) (build 1.8.0_281-b09)
# Java VM: Java HotSpot(TM) 64-Bit Server VM (25.281-b09 mixed mode windows-amd64 compressed oops)
# Failed to write core dump. Minidumps are not enabled by default on client versions of Windows
#

---------------  T H R E A D  ---------------

Current thread (0x000001b6ab618800):  JavaThread "C2 CompilerThread1" daemon [_thread_in_native, id=11272, stack(0x0000005ddda00000,0x0000005dddb00000)]

Stack: [0x0000005ddda00000,0x0000005dddb00000]
Native frames: (J=compiled Java code, j=interpreted, Vv=VM code, C=native code)
V  [jvm.dll+0x32e5b9]
V  [jvm.dll+0x275012]
V  [jvm.dll+0x275cbd]
V  [jvm.dll+0x26c6f5]
V  [jvm.dll+0xd51fc]
V  [jvm.dll+0xd59fc]
V  [jvm.dll+0xd554d]
V  [jvm.dll+0x4c5d1f]
V  [jvm.dll+0x48d521]
V  [jvm.dll+0x4423f1]
V  [jvm.dll+0x43f664]
V  [jvm.dll+0x42a5e7]
V  [jvm.dll+0xabe9b]
V  [jvm.dll+0xaa4fb]
V  [jvm.dll+0x23d6b2]
V  [jvm.dll+0x291cbc]
C  [ucrtbase.dll+0x21bb2]
C  [KERNEL32.DLL+0x17034]
C  [ntdll.dll+0x52651]


Current CompileTask:
C2:   5898 1309       4       com.google.common.base.Joiner::appendTo (73 bytes)


---------------  P R O C E S S  ---------------

Java Threads: ( => current thread )
  0x000001b6ad575000 JavaThread "Service Thread" daemon [_thread_blocked, id=7660, stack(0x0000005dddd00000,0x0000005ddde00000)]
  0x000001b6ab627800 JavaThread "C1 CompilerThread3" daemon [_thread_blocked, id=3172, stack(0x0000005dddc00000,0x0000005dddd00000)]
  0x000001b6ab621800 JavaThread "C2 CompilerThread2" daemon [_thread_blocked, id=18428, stack(0x0000005dddb00000,0x0000005dddc00000)]
=>0x000001b6ab618800 JavaThread "C2 CompilerThread1" daemon [_thread_in_native, id=11272, stack(0x0000005ddda00000,0x0000005dddb00000)]
  0x000001b6ab614000 JavaThread "C2 CompilerThread0" daemon [_thread_in_native, id=10392, stack(0x0000005ddd900000,0x0000005ddda00000)]
  0x000001b6ab613000 JavaThread "Attach Listener" daemon [_thread_blocked, id=15304, stack(0x0000005ddd800000,0x0000005ddd900000)]
  0x000001b6ab612000 JavaThread "Signal Dispatcher" daemon [_thread_blocked, id=14380, stack(0x0000005ddd700000,0x0000005ddd800000)]
  0x000001b6ab5e9800 JavaThread "Finalizer" daemon [_thread_blocked, id=1084, stack(0x0000005ddd600000,0x0000005ddd700000)]
  0x000001b6ab5e2000 JavaThread "Reference Handler" daemon [_thread_blocked, id=14292, stack(0x0000005ddd500000,0x0000005ddd600000)]
  0x000001b69558d800 JavaThread "main" [_thread_in_native, id=14780, stack(0x0000005ddcb00000,0x0000005ddcc00000)]

Other Threads:
  0x000001b6ab5b8000 VMThread [stack: 0x0000005ddd400000,0x0000005ddd500000] [id=8748]
  0x000001b6ad5a7800 WatcherThread [stack: 0x0000005ddde00000,0x0000005dddf00000] [id=13412]

VM state:not at safepoint (normal execution)

VM Mutex/Monitor currently owned by a thread: None

heap address: 0x0000000084a00000, size: 1974 MB, Compressed Oops mode: 32-bit
Narrow klass base: 0x0000000000000000, Narrow klass shift: 3
Compressed class space size: 1073741824 Address: 0x0000000100000000

Heap:
 PSYoungGen      total 416256K, used 125363K [0x00000000d6e00000, 0x00000000f2500000, 0x0000000100000000)
  eden space 384512K, 27% used [0x00000000d6e00000,0x00000000dd6d73d0,0x00000000ee580000)
  from space 31744K, 56% used [0x00000000f0500000,0x00000000f1695b58,0x00000000f2400000)
  to   space 32256K, 0% used [0x00000000ee580000,0x00000000ee580000,0x00000000f0500000)
 ParOldGen       total 84992K, used 32901K [0x0000000084a00000, 0x0000000089d00000, 0x00000000d6e00000)
  object space 84992K, 38% used [0x0000000084a00000,0x0000000086a21438,0x0000000089d00000)
 Metaspace       used 8892K, capacity 9050K, committed 9344K, reserved 1056768K
  class space    used 971K, capacity 1054K, committed 1152K, reserved 1048576K

Card table byte_map: [0x000001b6a6340000,0x000001b6a6720000] byte_map_base: 0x000001b6a5f1b000

Marking Bits: (ParMarkBitMap*) 0x0000000063e36ff0
 Begin Bits: [0x000001b6a69c0000, 0x000001b6a8898000)
 End Bits:   [0x000001b6a8898000, 0x000001b6aa770000)

Polling page: 0x000001b696f50000

CodeCache: size=245760Kb used=5862Kb max_used=5882Kb free=239897Kb
 bounds [0x000001b696f80000, 0x000001b697550000, 0x000001b6a5f80000]
 total_blobs=1629 nmethods=1307 adapters=234
 compilation: enabled

Compilation events (10 events):
Event: 5.398 Thread 0x000001b6ab627800 nmethod 1303 0x000001b697530d50 code [0x000001b697530ee0, 0x000001b697531258]
Event: 5.405 Thread 0x000001b6ab614000 1304       4       org.reflections.Store$1::get (5 bytes)
Event: 5.408 Thread 0x000001b6ab614000 nmethod 1304 0x000001b697535310 code [0x000001b697535480, 0x000001b697535738]
Event: 5.411 Thread 0x000001b6ab618800 1305       4       java.util.zip.ZipUtils::get16 (19 bytes)
Event: 5.412 Thread 0x000001b6ab618800 nmethod 1305 0x000001b697524450 code [0x000001b697524580, 0x000001b697524618]
Event: 5.442 Thread 0x000001b6ab627800 1306       3       java.net.URI::decode (370 bytes)
Event: 5.445 Thread 0x000001b6ab627800 nmethod 1306 0x000001b697535990 code [0x000001b697535e80, 0x000001b697539b00]
Event: 5.830 Thread 0x000001b6ab621800 1307 % !   4       org.reflections.Reflections::scan @ 116 (287 bytes)
Event: 5.868 Thread 0x000001b6ab614000 1308   !   4       javassist.bytecode.AnnotationsAttribute::getAnnotations (29 bytes)
Event: 5.869 Thread 0x000001b6ab618800 1309       4       com.google.common.base.Joiner::appendTo (73 bytes)

GC Heap History (10 events):
Event: 2.972 GC heap before
{Heap before GC invocations=6 (full 0):
 PSYoungGen      total 68608K, used 68592K [0x00000000d6e00000, 0x00000000df700000, 0x0000000100000000)
  eden space 63488K, 100% used [0x00000000d6e00000,0x00000000dac00000,0x00000000dac00000)
  from space 5120K, 99% used [0x00000000dac00000,0x00000000db0fc2b8,0x00000000db100000)
  to   space 6656K, 0% used [0x00000000df080000,0x00000000df080000,0x00000000df700000)
 ParOldGen       total 84992K, used 1375K [0x0000000084a00000, 0x0000000089d00000, 0x00000000d6e00000)
  object space 84992K, 1% used [0x0000000084a00000,0x0000000084b57e00,0x0000000089d00000)
 Metaspace       used 8744K, capacity 8922K, committed 9088K, reserved 1056768K
  class space    used 963K, capacity 1054K, committed 1152K, reserved 1048576K
Event: 2.990 GC heap after
Heap after GC invocations=6 (full 0):
 PSYoungGen      total 129024K, used 6634K [0x00000000d6e00000, 0x00000000e0000000, 0x0000000100000000)
  eden space 122368K, 0% used [0x00000000d6e00000,0x00000000d6e00000,0x00000000de580000)
  from space 6656K, 99% used [0x00000000df080000,0x00000000df6faac8,0x00000000df700000)
  to   space 11264K, 0% used [0x00000000de580000,0x00000000de580000,0x00000000df080000)
 ParOldGen       total 84992K, used 7110K [0x0000000084a00000, 0x0000000089d00000, 0x00000000d6e00000)
  object space 84992K, 8% used [0x0000000084a00000,0x00000000850f1b48,0x0000000089d00000)
 Metaspace       used 8744K, capacity 8922K, committed 9088K, reserved 1056768K
  class space    used 963K, capacity 1054K, committed 1152K, reserved 1048576K
}
Event: 3.537 GC heap before
{Heap before GC invocations=7 (full 0):
 PSYoungGen      total 129024K, used 129002K [0x00000000d6e00000, 0x00000000e0000000, 0x0000000100000000)
  eden space 122368K, 100% used [0x00000000d6e00000,0x00000000de580000,0x00000000de580000)
  from space 6656K, 99% used [0x00000000df080000,0x00000000df6faac8,0x00000000df700000)
  to   space 11264K, 0% used [0x00000000de580000,0x00000000de580000,0x00000000df080000)
 ParOldGen       total 84992K, used 7110K [0x0000000084a00000, 0x0000000089d00000, 0x00000000d6e00000)
  object space 84992K, 8% used [0x0000000084a00000,0x00000000850f1b48,0x0000000089d00000)
 Metaspace       used 8830K, capacity 9050K, committed 9344K, reserved 1056768K
  class space    used 969K, capacity 1054K, committed 1152K, reserved 1048576K
Event: 3.553 GC heap after
Heap after GC invocations=7 (full 0):
 PSYoungGen      total 133632K, used 11238K [0x00000000d6e00000, 0x00000000e8200000, 0x0000000100000000)
  eden space 122368K, 0% used [0x00000000d6e00000,0x00000000d6e00000,0x00000000de580000)
  from space 11264K, 99% used [0x00000000de580000,0x00000000df079b70,0x00000000df080000)
  to   space 18944K, 0% used [0x00000000e6f80000,0x00000000e6f80000,0x00000000e8200000)
 ParOldGen       total 84992K, used 18374K [0x0000000084a00000, 0x0000000089d00000, 0x00000000d6e00000)
  object space 84992K, 21% used [0x0000000084a00000,0x0000000085bf1a20,0x0000000089d00000)
 Metaspace       used 8830K, capacity 9050K, committed 9344K, reserved 1056768K
  class space    used 969K, capacity 1054K, committed 1152K, reserved 1048576K
}
Event: 4.002 GC heap before
{Heap before GC invocations=8 (full 0):
 PSYoungGen      total 133632K, used 133606K [0x00000000d6e00000, 0x00000000e8200000, 0x0000000100000000)
  eden space 122368K, 100% used [0x00000000d6e00000,0x00000000de580000,0x00000000de580000)
  from space 11264K, 99% used [0x00000000de580000,0x00000000df079b70,0x00000000df080000)
  to   space 18944K, 0% used [0x00000000e6f80000,0x00000000e6f80000,0x00000000e8200000)
 ParOldGen       total 84992K, used 18374K [0x0000000084a00000, 0x0000000089d00000, 0x00000000d6e00000)
  object space 84992K, 21% used [0x0000000084a00000,0x0000000085bf1a20,0x0000000089d00000)
 Metaspace       used 8831K, capacity 9050K, committed 9344K, reserved 1056768K
  class space    used 969K, capacity 1054K, committed 1152K, reserved 1048576K
Event: 4.022 GC heap after
Heap after GC invocations=8 (full 0):
 PSYoungGen      total 259584K, used 18921K [0x00000000d6e00000, 0x00000000e8a00000, 0x0000000100000000)
  eden space 240640K, 0% used [0x00000000d6e00000,0x00000000d6e00000,0x00000000e5900000)
  from space 18944K, 99% used [0x00000000e6f80000,0x00000000e81fa6a0,0x00000000e8200000)
  to   space 23040K, 0% used [0x00000000e5900000,0x00000000e5900000,0x00000000e6f80000)
 ParOldGen       total 84992K, used 19264K [0x0000000084a00000, 0x0000000089d00000, 0x00000000d6e00000)
  object space 84992K, 22% used [0x0000000084a00000,0x0000000085cd0078,0x0000000089d00000)
 Metaspace       used 8831K, capacity 9050K, committed 9344K, reserved 1056768K
  class space    used 969K, capacity 1054K, committed 1152K, reserved 1048576K
}
Event: 4.950 GC heap before
{Heap before GC invocations=9 (full 0):
 PSYoungGen      total 259584K, used 259561K [0x00000000d6e00000, 0x00000000e8a00000, 0x0000000100000000)
  eden space 240640K, 100% used [0x00000000d6e00000,0x00000000e5900000,0x00000000e5900000)
  from space 18944K, 99% used [0x00000000e6f80000,0x00000000e81fa6a0,0x00000000e8200000)
  to   space 23040K, 0% used [0x00000000e5900000,0x00000000e5900000,0x00000000e6f80000)
 ParOldGen       total 84992K, used 19264K [0x0000000084a00000, 0x0000000089d00000, 0x00000000d6e00000)
  object space 84992K, 22% used [0x0000000084a00000,0x0000000085cd0078,0x0000000089d00000)
 Metaspace       used 8875K, capacity 9050K, committed 9344K, reserved 1056768K
  class space    used 971K, capacity 1054K, committed 1152K, reserved 1048576K
Event: 4.985 GC heap after
Heap after GC invocations=9 (full 0):
 PSYoungGen      total 263680K, used 23039K [0x00000000d6e00000, 0x00000000f2400000, 0x0000000100000000)
  eden space 240640K, 0% used [0x00000000d6e00000,0x00000000d6e00000,0x00000000e5900000)
  from space 23040K, 99% used [0x00000000e5900000,0x00000000e6f7fd10,0x00000000e6f80000)
  to   space 31744K, 0% used [0x00000000f0500000,0x00000000f0500000,0x00000000f2400000)
 ParOldGen       total 84992K, used 30913K [0x0000000084a00000, 0x0000000089d00000, 0x00000000d6e00000)
  object space 84992K, 36% used [0x0000000084a00000,0x0000000086830428,0x0000000089d00000)
 Metaspace       used 8875K, capacity 9050K, committed 9344K, reserved 1056768K
  class space    used 971K, capacity 1054K, committed 1152K, reserved 1048576K
}
Event: 5.619 GC heap before
{Heap before GC invocations=10 (full 0):
 PSYoungGen      total 263680K, used 263679K [0x00000000d6e00000, 0x00000000f2400000, 0x0000000100000000)
  eden space 240640K, 100% used [0x00000000d6e00000,0x00000000e5900000,0x00000000e5900000)
  from space 23040K, 99% used [0x00000000e5900000,0x00000000e6f7fd10,0x00000000e6f80000)
  to   space 31744K, 0% used [0x00000000f0500000,0x00000000f0500000,0x00000000f2400000)
 ParOldGen       total 84992K, used 30913K [0x0000000084a00000, 0x0000000089d00000, 0x00000000d6e00000)
  object space 84992K, 36% used [0x0000000084a00000,0x0000000086830428,0x0000000089d00000)
 Metaspace       used 8892K, capacity 9050K, committed 9344K, reserved 1056768K
  class space    used 971K, capacity 1054K, committed 1152K, reserved 1048576K
Event: 5.646 GC heap after
Heap after GC invocations=10 (full 0):
 PSYoungGen      total 416256K, used 18006K [0x00000000d6e00000, 0x00000000f2500000, 0x0000000100000000)
  eden space 384512K, 0% used [0x00000000d6e00000,0x00000000d6e00000,0x00000000ee580000)
  from space 31744K, 56% used [0x00000000f0500000,0x00000000f1695b58,0x00000000f2400000)
  to   space 32256K, 0% used [0x00000000ee580000,0x00000000ee580000,0x00000000f0500000)
 ParOldGen       total 84992K, used 32901K [0x0000000084a00000, 0x0000000089d00000, 0x00000000d6e00000)
  object space 84992K, 38% used [0x0000000084a00000,0x0000000086a21438,0x0000000089d00000)
 Metaspace       used 8892K, capacity 9050K, committed 9344K, reserved 1056768K
  class space    used 971K, capacity 1054K, committed 1152K, reserved 1048576K
}

Deoptimization events (10 events):
Event: 3.478 Thread 0x000001b69558d800 Uncommon trap: reason=unstable_if action=reinterpret pc=0x000001b69742a678 method=java.util.concurrent.ConcurrentHashMap.transfer([Ljava/util/concurrent/ConcurrentHashMap$Node;[Ljava/util/concurrent/ConcurrentHashMap$Node;)V @ 26
Event: 3.480 Thread 0x000001b69558d800 Uncommon trap: reason=unstable_if action=reinterpret pc=0x000001b6973c1524 method=java.util.zip.ZipFile.getInputStream(Ljava/util/zip/ZipEntry;)Ljava/io/InputStream; @ 201
Event: 3.489 Thread 0x000001b69558d800 Uncommon trap: reason=unloaded action=reinterpret pc=0x000001b6972f54d0 method=javassist.bytecode.ConstPool.readOne(Ljava/io/DataInputStream;)I @ 316
Event: 3.489 Thread 0x000001b69558d800 Uncommon trap: reason=unloaded action=reinterpret pc=0x000001b697492174 method=org.reflections.adapters.JavassistAdapter.getOfCreateClassObject(Lorg/reflections/vfs/Vfs$File;)Ljavassist/bytecode/ClassFile; @ 43
Event: 3.677 Thread 0x000001b69558d800 Uncommon trap: reason=unstable_if action=reinterpret pc=0x000001b697458cbc method=javassist.bytecode.AttributeInfo.read(Ljavassist/bytecode/ConstPool;Ljava/io/DataInputStream;)Ljavassist/bytecode/AttributeInfo; @ 314
Event: 4.740 Thread 0x000001b69558d800 Uncommon trap: reason=unstable_if action=reinterpret pc=0x000001b697211ed4 method=java.io.WinNTFileSystem.normalize(Ljava/lang/String;II)Ljava/lang/String; @ 90
Event: 4.746 Thread 0x000001b69558d800 Uncommon trap: reason=class_check action=maybe_recompile pc=0x000001b6974e46bc method=org.reflections.adapters.JavassistAdapter.getOfCreateClassObject(Lorg/reflections/vfs/Vfs$File;)Ljavassist/bytecode/ClassFile; @ 3
Event: 4.747 Thread 0x000001b69558d800 Uncommon trap: reason=bimorphic action=maybe_recompile pc=0x000001b6974241d4 method=org.reflections.util.Utils.close(Ljava/io/InputStream;)V @ 5
Event: 4.748 Thread 0x000001b69558d800 Uncommon trap: reason=class_check action=maybe_recompile pc=0x000001b6974e46bc method=org.reflections.adapters.JavassistAdapter.getOfCreateClassObject(Lorg/reflections/vfs/Vfs$File;)Ljavassist/bytecode/ClassFile; @ 3
Event: 4.749 Thread 0x000001b69558d800 Uncommon trap: reason=class_check action=maybe_recompile pc=0x000001b6974e46bc method=org.reflections.adapters.JavassistAdapter.getOfCreateClassObject(Lorg/reflections/vfs/Vfs$File;)Ljavassist/bytecode/ClassFile; @ 3

Classes redefined (0 events):
No events

Internal exceptions (10 events):
Event: 0.668 Thread 0x000001b69558d800 Exception <a 'java/lang/ClassNotFoundException': org/apache/log4j/PatternLayoutBeanInfo> (0x00000000d7871678) thrown at [C:\jenkins\workspace\8-2-build-windows-amd64-cygwin\jdk8u281\880\hotspot\src\share\vm\classfile\systemDictionary.cpp, line 212]
Event: 0.669 Thread 0x000001b69558d800 Exception <a 'java/lang/ClassNotFoundException': org/apache/log4j/LayoutBeanInfo> (0x00000000d78819d8) thrown at [C:\jenkins\workspace\8-2-build-windows-amd64-cygwin\jdk8u281\880\hotspot\src\share\vm\classfile\systemDictionary.cpp, line 212]
Event: 0.669 Thread 0x000001b69558d800 Exception <a 'java/lang/ClassNotFoundException': java/lang/ObjectBeanInfo> (0x00000000d7889068) thrown at [C:\jenkins\workspace\8-2-build-windows-amd64-cygwin\jdk8u281\880\hotspot\src\share\vm\classfile\systemDictionary.cpp, line 212]
Event: 0.670 Thread 0x000001b69558d800 Exception <a 'java/lang/ClassNotFoundException': java/lang/ObjectCustomizer> (0x00000000d7890858) thrown at [C:\jenkins\workspace\8-2-build-windows-amd64-cygwin\jdk8u281\880\hotspot\src\share\vm\classfile\systemDictionary.cpp, line 212]
Event: 0.672 Thread 0x000001b69558d800 Exception <a 'java/lang/ArrayIndexOutOfBoundsException': 18> (0x00000000d7893070) thrown at [C:\jenkins\workspace\8-2-build-windows-amd64-cygwin\jdk8u281\880\hotspot\src\share\vm\interpreter\interpreterRuntime.cpp, line 371]
Event: 0.674 Thread 0x000001b69558d800 Exception <a 'java/lang/ArrayIndexOutOfBoundsException': 22> (0x00000000d7896438) thrown at [C:\jenkins\workspace\8-2-build-windows-amd64-cygwin\jdk8u281\880\hotspot\src\share\vm\interpreter\interpreterRuntime.cpp, line 371]
Event: 0.675 Thread 0x000001b69558d800 Exception <a 'java/lang/ArrayIndexOutOfBoundsException': 160> (0x00000000d7898810) thrown at [C:\jenkins\workspace\8-2-build-windows-amd64-cygwin\jdk8u281\880\hotspot\src\share\vm\interpreter\interpreterRuntime.cpp, line 371]
Event: 0.680 Thread 0x000001b69558d800 Exception <a 'java/lang/ClassNotFoundException': org/apache/log4j/LayoutCustomizer> (0x00000000d78ab6f8) thrown at [C:\jenkins\workspace\8-2-build-windows-amd64-cygwin\jdk8u281\880\hotspot\src\share\vm\classfile\systemDictionary.cpp, line 212]
Event: 0.683 Thread 0x000001b69558d800 Exception <a 'java/lang/ClassNotFoundException': org/apache/log4j/PatternLayoutCustomizer> (0x00000000d78d3598) thrown at [C:\jenkins\workspace\8-2-build-windows-amd64-cygwin\jdk8u281\880\hotspot\src\share\vm\classfile\systemDictionary.cpp, line 212]
Event: 3.317 Thread 0x000001b69558d800 Implicit null exception at 0x000001b6973de347 to 0x000001b6973de505

Events (10 events):
Event: 5.619 Executing VM operation: ParallelGCFailedAllocation
Event: 5.646 Executing VM operation: ParallelGCFailedAllocation done
Event: 5.649 Executing VM operation: RevokeBias
Event: 5.650 Executing VM operation: RevokeBias done
Event: 5.650 Executing VM operation: RevokeBias
Event: 5.652 Executing VM operation: RevokeBias done
Event: 5.653 Executing VM operation: RevokeBias
Event: 5.653 Executing VM operation: RevokeBias done
Event: 5.653 Executing VM operation: BulkRevokeBias
Event: 5.653 Executing VM operation: BulkRevokeBias done


Dynamic libraries:
0x00007ff7ed470000 - 0x00007ff7ed4b7000 	C:\Program Files\Java\jdk1.8.0_281\jre\bin\java.exe
0x00007ff942770000 - 0x00007ff942965000 	C:\WINDOWS\SYSTEM32\ntdll.dll
0x00007ff940bc0000 - 0x00007ff940c7d000 	C:\WINDOWS\System32\KERNEL32.DLL
0x00007ff9400c0000 - 0x00007ff940388000 	C:\WINDOWS\System32\KERNELBASE.dll
0x00007ff941e50000 - 0x00007ff941efc000 	C:\WINDOWS\System32\ADVAPI32.dll
0x00007ff940d80000 - 0x00007ff940e1e000 	C:\WINDOWS\System32\msvcrt.dll
0x00007ff942330000 - 0x00007ff9423cb000 	C:\WINDOWS\System32\sechost.dll
0x00007ff9408e0000 - 0x00007ff940a0b000 	C:\WINDOWS\System32\RPCRT4.dll
0x00007ff9420e0000 - 0x00007ff942280000 	C:\WINDOWS\System32\USER32.dll
0x00007ff940540000 - 0x00007ff940562000 	C:\WINDOWS\System32\win32u.dll
0x00007ff940b90000 - 0x00007ff940bba000 	C:\WINDOWS\System32\GDI32.dll
0x00007ff940610000 - 0x00007ff94071b000 	C:\WINDOWS\System32\gdi32full.dll
0x00007ff940570000 - 0x00007ff94060d000 	C:\WINDOWS\System32\msvcp_win.dll
0x00007ff940390000 - 0x00007ff940490000 	C:\WINDOWS\System32\ucrtbase.dll
0x00007ff92a220000 - 0x00007ff92a4ba000 	C:\WINDOWS\WinSxS\amd64_microsoft.windows.common-controls_6595b64144ccf1df_6.0.19041.844_none_ca00b6081b84eb1d\COMCTL32.dll
0x00007ff940c80000 - 0x00007ff940cb0000 	C:\WINDOWS\System32\IMM32.DLL
0x00007ff93c490000 - 0x00007ff93c4a5000 	C:\Program Files\Java\jdk1.8.0_281\jre\bin\vcruntime140.dll
0x00007ff937d10000 - 0x00007ff937dab000 	C:\Program Files\Java\jdk1.8.0_281\jre\bin\msvcp140.dll
0x0000000063650000 - 0x0000000063eaf000 	C:\Program Files\Java\jdk1.8.0_281\jre\bin\server\jvm.dll
0x00007ff940b00000 - 0x00007ff940b08000 	C:\WINDOWS\System32\PSAPI.DLL
0x00007ff934180000 - 0x00007ff93418a000 	C:\WINDOWS\SYSTEM32\VERSION.dll
0x00007ff9353c0000 - 0x00007ff9353e7000 	C:\WINDOWS\SYSTEM32\WINMM.dll
0x00007ff93b220000 - 0x00007ff93b229000 	C:\WINDOWS\SYSTEM32\WSOCK32.dll
0x00007ff940e20000 - 0x00007ff940e8b000 	C:\WINDOWS\System32\ws2_32.DLL
0x00007ff93e740000 - 0x00007ff93e752000 	C:\WINDOWS\SYSTEM32\kernel.appcore.dll
0x00007ff93c480000 - 0x00007ff93c490000 	C:\Program Files\Java\jdk1.8.0_281\jre\bin\verify.dll
0x00007ff93c410000 - 0x00007ff93c43b000 	C:\Program Files\Java\jdk1.8.0_281\jre\bin\java.dll
0x00007ff93c460000 - 0x00007ff93c478000 	C:\Program Files\Java\jdk1.8.0_281\jre\bin\zip.dll
0x00007ff9414e0000 - 0x00007ff941c22000 	C:\WINDOWS\System32\SHELL32.dll
0x00007ff93de90000 - 0x00007ff93e620000 	C:\WINDOWS\SYSTEM32\windows.storage.dll
0x00007ff9423d0000 - 0x00007ff942725000 	C:\WINDOWS\System32\combase.dll
0x00007ff93f850000 - 0x00007ff93f87c000 	C:\WINDOWS\SYSTEM32\Wldp.dll
0x00007ff9407d0000 - 0x00007ff94087e000 	C:\WINDOWS\System32\SHCORE.dll
0x00007ff941f60000 - 0x00007ff941fb5000 	C:\WINDOWS\System32\shlwapi.dll
0x00007ff93fdf0000 - 0x00007ff93fe0f000 	C:\WINDOWS\SYSTEM32\profapi.dll
0x00007ff93c3e0000 - 0x00007ff93c3fc000 	C:\Program Files\Java\jdk1.8.0_281\jre\bin\net.dll
0x00007ff93f630000 - 0x00007ff93f69a000 	C:\WINDOWS\system32\mswsock.dll
0x00007ff93d9d0000 - 0x00007ff93dbb4000 	C:\WINDOWS\SYSTEM32\dbghelp.dll
0x00007ff940490000 - 0x00007ff940510000 	C:\WINDOWS\System32\bcryptPrimitives.dll

VM Arguments:
jvm_args: -Dfile.encoding=UTF-8 
java_command: com.thoughtworks.gauge.GaugeRuntime
java_class_path (initial): C:\Program Files\Java\jdk1.8.0_281\jre\lib\charsets.jar;C:\Program Files\Java\jdk1.8.0_281\jre\lib\deploy.jar;C:\Program Files\Java\jdk1.8.0_281\jre\lib\ext\access-bridge-64.jar;C:\Program Files\Java\jdk1.8.0_281\jre\lib\ext\cldrdata.jar;C:\Program Files\Java\jdk1.8.0_281\jre\lib\ext\dnsns.jar;C:\Program Files\Java\jdk1.8.0_281\jre\lib\ext\jaccess.jar;C:\Program Files\Java\jdk1.8.0_281\jre\lib\ext\jfxrt.jar;C:\Program Files\Java\jdk1.8.0_281\jre\lib\ext\localedata.jar;C:\Program Files\Java\jdk1.8.0_281\jre\lib\ext\nashorn.jar;C:\Program Files\Java\jdk1.8.0_281\jre\lib\ext\sunec.jar;C:\Program Files\Java\jdk1.8.0_281\jre\lib\ext\sunjce_provider.jar;C:\Program Files\Java\jdk1.8.0_281\jre\lib\ext\sunmscapi.jar;C:\Program Files\Java\jdk1.8.0_281\jre\lib\ext\sunpkcs11.jar;C:\Program Files\Java\jdk1.8.0_281\jre\lib\ext\zipfs.jar;C:\Program Files\Java\jdk1.8.0_281\jre\lib\javaws.jar;C:\Program Files\Java\jdk1.8.0_281\jre\lib\jce.jar;C:\Program Files\Java\jdk1.8.0_281\jre\lib\jfr.jar;C:\Program Files\Java\jdk1.8.0_281\jre\lib\jfxswt.jar;C:\Program Files\Java\jdk1.8.0_281\jre\lib\jsse.jar;C:\Program Files\Java\jdk1.8.0_281\jre\lib\management-agent.jar;C:\Program Files\Java\jdk1.8.0_281\jre\lib\plugin.jar;C:\Program Files\Java\jdk1.8.0_281\jre\lib\resources.jar;C:\Program Files\Java\jdk1.8.0_281\jre\lib\rt.jar;C:\Users\testinium\IdeaProjects\THY\target\test-classes;C:\Users\testinium\IdeaProjects\THY\target\classes;C:\Users\testinium\.m2\repository\junit\junit\4.12\junit-4.12.jar;C:\Users\testinium\.m2\repository\org\hamcrest\hamcrest-core\1.3\hamcrest-core-1.3.jar;C:\Users\testinium\.m2\repository\com\thoughtworks\gauge\gauge-java\0.7.3\gauge-java-0.7.3.jar;C:\Users\testinium\.m2\repository\org\assertj\assertj-core\3.14.0\assertj-core-3.14.0.jar;C:\Users\testinium\.m2\repository\org\reflections\reflections\0.9.11\reflections-0.9.11.jar;C:\Users\testinium\.m2\repository\org\javassist\javassist\3.21.0-GA\javassist-3.21.0-GA.jar;C:\Users\testinium\.
Launcher Type: SUN_STANDARD

Environment Variables:
JAVA_HOME=C:\Program Files\Java\jdk1.8.0_281
PATH=C:\Program Files (x86)\Common Files\Oracle\Java\javapath;C:\Windows\system32;C:\Windows;C:\Windows\System32\Wbem;C:\Windows\System32\WindowsPowerShell\v1.0\;C:\Windows\System32\OpenSSH\;C:\Program Files\nodejs\;C:\Program Files\Maven\apache-maven-3.8.1\bin;C:\Program Files\Java\jdk1.8.0_281\bin;C:\Program Files\Gauge\bin;C:\WINDOWS\system32;C:\WINDOWS;C:\WINDOWS\System32\Wbem;C:\WINDOWS\System32\WindowsPowerShell\v1.0\;C:\WINDOWS\System32\OpenSSH\;C:\Program Files\Git\cmd;C:\Users\testinium\AppData\Local\Android\Sdk\platform-tools;C:\Users\testinium\AppData\Local\Android\Sdk\tools;C:\Users\testinium\AppData\Local\Android\Sdk\build-tools;C:\Users\testinium\AppData\Local\Microsoft\WindowsApps;C:\Users\testinium\AppData\Roaming\npm;;C:\Users\testinium\AppData\Roaming\gauge\plugins\screenshot\0.0.1
USERNAME=testinium
OS=Windows_NT
PROCESSOR_IDENTIFIER=Intel64 Family 6 Model 140 Stepping 1, GenuineIntel



---------------  S Y S T E M  ---------------

OS: Windows 10.0 , 64 bit Build 19041 (10.0.19041.928)

CPU:total 8 (initial active 8) (4 cores per cpu, 2 threads per core) family 6 model 140 stepping 1, cmov, cx8, fxsr, mmx, sse, sse2, sse3, ssse3, sse4.1, sse4.2, popcnt, avx, avx2, aes, clmul, erms, 3dnowpref, lzcnt, ht, tsc, tscinvbit, bmi1, bmi2, adx

Memory: 4k page, physical 8083572k(148960k free), swap 33249396k(7996k free)

vm_info: Java HotSpot(TM) 64-Bit Server VM (25.281-b09) for windows-amd64 JRE (1.8.0_281-b09), built on Dec  9 2020 13:54:07 by "" with MS VC++ 15.9 (VS2017)

time: Wed Jun  2 00:36:54 2021
timezone: Türkiye Standart Saati
elapsed time: 5.903161 seconds (0d 0h 0m 5s)

