#
# There is insufficient memory for the Java Runtime Environment to continue.
# Native memory allocation (malloc) failed to allocate 2407056 bytes for Chunk::new
# Possible reasons:
#   The system is out of physical RAM or swap space
#   The process is running with CompressedOops enabled, and the Java Heap may be blocking the growth of the native heap
# Possible solutions:
#   Reduce memory load on the system
#   Increase physical memory or swap space
#   Check if swap backing store is full
#   Decrease Java heap size (-Xmx/-Xms)
#   Decrease number of Java threads
#   Decrease Java thread stack sizes (-Xss)
#   Set larger code cache with -XX:ReservedCodeCacheSize=
#   JVM is running with Unscaled Compressed Oops mode in which the Java heap is
#     placed in the first 4GB address space. The Java Heap base address is the
#     maximum limit for the native heap growth. Please use -XX:HeapBaseMinAddress
#     to set the Java Heap base and to place the Java Heap above 4GB virtual address.
# This output file may be truncated or incomplete.
#
#  Out of Memory Error (allocation.cpp:389), pid=1576, tid=0x000000000000411c
#
# JRE version: Java(TM) SE Runtime Environment (8.0_281-b09) (build 1.8.0_281-b09)
# Java VM: Java HotSpot(TM) 64-Bit Server VM (25.281-b09 mixed mode windows-amd64 compressed oops)
# Failed to write core dump. Minidumps are not enabled by default on client versions of Windows
#

---------------  T H R E A D  ---------------

Current thread (0x0000021cd1967000):  JavaThread "C2 CompilerThread1" daemon [_thread_in_native, id=16668, stack(0x0000007be6f00000,0x0000007be7000000)]

Stack: [0x0000007be6f00000,0x0000007be7000000]
Native frames: (J=compiled Java code, j=interpreted, Vv=VM code, C=native code)
V  [jvm.dll+0x32e5b9]
V  [jvm.dll+0x275012]
V  [jvm.dll+0x275cbd]
V  [jvm.dll+0x26c6f5]
V  [jvm.dll+0xd51fc]
V  [jvm.dll+0xd59fc]
V  [jvm.dll+0x46f8c3]
V  [jvm.dll+0x4373e0]
V  [jvm.dll+0x4403d5]
V  [jvm.dll+0x43f795]
V  [jvm.dll+0x42a5e7]
V  [jvm.dll+0xabe9b]
V  [jvm.dll+0xaa4fb]
V  [jvm.dll+0x23d6b2]
V  [jvm.dll+0x291cbc]
C  [ucrtbase.dll+0x21bb2]
C  [KERNEL32.DLL+0x17034]
C  [ntdll.dll+0x52651]


Current CompileTask:
C2:   5604 1540       4       java.net.URLClassLoader$1::run (5 bytes)


---------------  P R O C E S S  ---------------

Java Threads: ( => current thread )
  0x0000021cd4577000 JavaThread "Thread-0" [_thread_in_Java, id=5404, stack(0x0000007be7400000,0x0000007be7500000)]
  0x0000021cd19ce800 JavaThread "Service Thread" daemon [_thread_blocked, id=2000, stack(0x0000007be7200000,0x0000007be7300000)]
  0x0000021cd1976000 JavaThread "C1 CompilerThread3" daemon [_thread_blocked, id=15932, stack(0x0000007be7100000,0x0000007be7200000)]
  0x0000021cd1972000 JavaThread "C2 CompilerThread2" daemon [_thread_in_native, id=3636, stack(0x0000007be7000000,0x0000007be7100000)]
=>0x0000021cd1967000 JavaThread "C2 CompilerThread1" daemon [_thread_in_native, id=16668, stack(0x0000007be6f00000,0x0000007be7000000)]
  0x0000021cd1962000 JavaThread "C2 CompilerThread0" daemon [_thread_in_native, id=7636, stack(0x0000007be6e00000,0x0000007be6f00000)]
  0x0000021cd1960800 JavaThread "Attach Listener" daemon [_thread_blocked, id=2980, stack(0x0000007be6d00000,0x0000007be6e00000)]
  0x0000021cd1960000 JavaThread "Signal Dispatcher" daemon [_thread_blocked, id=5468, stack(0x0000007be6c00000,0x0000007be6d00000)]
  0x0000021cd193b000 JavaThread "Finalizer" daemon [_thread_blocked, id=3692, stack(0x0000007be6b00000,0x0000007be6c00000)]
  0x0000021cd1933800 JavaThread "Reference Handler" daemon [_thread_blocked, id=14236, stack(0x0000007be6a00000,0x0000007be6b00000)]
  0x0000021cbb9eb800 JavaThread "main" [_thread_blocked, id=18260, stack(0x0000007be6000000,0x0000007be6100000)]

Other Threads:
  0x0000021cd1909800 VMThread [stack: 0x0000007be6900000,0x0000007be6a00000] [id=7220]
  0x0000021cd3906800 WatcherThread [stack: 0x0000007be7300000,0x0000007be7400000] [id=16048]

VM state:not at safepoint (normal execution)

VM Mutex/Monitor currently owned by a thread: None

heap address: 0x0000000084a00000, size: 1974 MB, Compressed Oops mode: 32-bit
Narrow klass base: 0x0000000000000000, Narrow klass shift: 3
Compressed class space size: 1073741824 Address: 0x0000000100000000

Heap:
 PSYoungGen      total 616448K, used 195821K [0x00000000d6e00000, 0x0000000100000000, 0x0000000100000000)
  eden space 584704K, 28% used [0x00000000d6e00000,0x00000000e0e3e3f8,0x00000000fa900000)
  from space 31744K, 99% used [0x00000000fe080000,0x00000000fff7d3c0,0x00000000fff80000)
  to   space 44544K, 0% used [0x00000000fa900000,0x00000000fa900000,0x00000000fd480000)
 ParOldGen       total 84992K, used 58169K [0x0000000084a00000, 0x0000000089d00000, 0x00000000d6e00000)
  object space 84992K, 68% used [0x0000000084a00000,0x00000000882ce700,0x0000000089d00000)
 Metaspace       used 20631K, capacity 20910K, committed 21120K, reserved 1069056K
  class space    used 3310K, capacity 3409K, committed 3456K, reserved 1048576K

Card table byte_map: [0x0000021ccc690000,0x0000021ccca70000] byte_map_base: 0x0000021ccc26b000

Marking Bits: (ParMarkBitMap*) 0x0000000063e36ff0
 Begin Bits: [0x0000021cccd10000, 0x0000021ccebe8000)
 End Bits:   [0x0000021ccebe8000, 0x0000021cd0ac0000)

Polling page: 0x0000021cbd2a0000

CodeCache: size=245760Kb used=7131Kb max_used=7131Kb free=238628Kb
 bounds [0x0000021cbd2d0000, 0x0000021cbd9e0000, 0x0000021ccc2d0000]
 total_blobs=1907 nmethods=1583 adapters=234
 compilation: enabled

Compilation events (10 events):
Event: 5.441 Thread 0x0000021cd1976000 1631       3       sun.nio.cs.ISO_8859_1$Encoder::<init> (25 bytes)
Event: 5.441 Thread 0x0000021cd1976000 nmethod 1631 0x0000021cbd3d5510 code [0x0000021cbd3d56c0, 0x0000021cbd3d5ab0]
Event: 5.441 Thread 0x0000021cd1976000 1632       3       sun.nio.cs.ISO_8859_1$Encoder::implReplaceWith (8 bytes)
Event: 5.441 Thread 0x0000021cd1976000 nmethod 1632 0x0000021cbd3e4b90 code [0x0000021cbd3e4ce0, 0x0000021cbd3e4e78]
Event: 5.441 Thread 0x0000021cd1976000 1624       3       java.security.MessageDigest::getInstance (77 bytes)
Event: 5.442 Thread 0x0000021cd1976000 nmethod 1624 0x0000021cbd478210 code [0x0000021cbd478440, 0x0000021cbd479300]
Event: 5.442 Thread 0x0000021cd1976000 1635       3       java.util.Collections$UnmodifiableCollection::toArray (10 bytes)
Event: 5.442 Thread 0x0000021cd1976000 nmethod 1635 0x0000021cbd46aa50 code [0x0000021cbd46abc0, 0x0000021cbd46adf0]
Event: 5.465 Thread 0x0000021cd1972000 nmethod 1605 0x0000021cbd9cddd0 code [0x0000021cbd9ce020, 0x0000021cbd9cf870]
Event: 5.465 Thread 0x0000021cd1972000 1636 % !   4       org.reflections.Reflections::scan @ 17 (287 bytes)

GC Heap History (10 events):
Event: 1.853 GC heap before
{Heap before GC invocations=8 (full 0):
 PSYoungGen      total 133632K, used 133623K [0x00000000d6e00000, 0x00000000e8300000, 0x0000000100000000)
  eden space 122880K, 100% used [0x00000000d6e00000,0x00000000de600000,0x00000000de600000)
  from space 10752K, 99% used [0x00000000de600000,0x00000000df07dc40,0x00000000df080000)
  to   space 18944K, 0% used [0x00000000e7080000,0x00000000e7080000,0x00000000e8300000)
 ParOldGen       total 84992K, used 18578K [0x0000000084a00000, 0x0000000089d00000, 0x00000000d6e00000)
  object space 84992K, 21% used [0x0000000084a00000,0x0000000085c24ab8,0x0000000089d00000)
 Metaspace       used 8827K, capacity 9050K, committed 9344K, reserved 1056768K
  class space    used 969K, capacity 1054K, committed 1152K, reserved 1048576K
Event: 1.867 GC heap after
Heap after GC invocations=8 (full 0):
 PSYoungGen      total 260608K, used 18923K [0x00000000d6e00000, 0x00000000e8b00000, 0x0000000100000000)
  eden space 241664K, 0% used [0x00000000d6e00000,0x00000000d6e00000,0x00000000e5a00000)
  from space 18944K, 99% used [0x00000000e7080000,0x00000000e82faf50,0x00000000e8300000)
  to   space 23040K, 0% used [0x00000000e5a00000,0x00000000e5a00000,0x00000000e7080000)
 ParOldGen       total 84992K, used 19686K [0x0000000084a00000, 0x0000000089d00000, 0x00000000d6e00000)
  object space 84992K, 23% used [0x0000000084a00000,0x0000000085d39958,0x0000000089d00000)
 Metaspace       used 8827K, capacity 9050K, committed 9344K, reserved 1056768K
  class space    used 969K, capacity 1054K, committed 1152K, reserved 1048576K
}
Event: 2.373 GC heap before
{Heap before GC invocations=9 (full 0):
 PSYoungGen      total 260608K, used 260587K [0x00000000d6e00000, 0x00000000e8b00000, 0x0000000100000000)
  eden space 241664K, 100% used [0x00000000d6e00000,0x00000000e5a00000,0x00000000e5a00000)
  from space 18944K, 99% used [0x00000000e7080000,0x00000000e82faf50,0x00000000e8300000)
  to   space 23040K, 0% used [0x00000000e5a00000,0x00000000e5a00000,0x00000000e7080000)
 ParOldGen       total 84992K, used 19686K [0x0000000084a00000, 0x0000000089d00000, 0x00000000d6e00000)
  object space 84992K, 23% used [0x0000000084a00000,0x0000000085d39958,0x0000000089d00000)
 Metaspace       used 8867K, capacity 9050K, committed 9344K, reserved 1056768K
  class space    used 971K, capacity 1054K, committed 1152K, reserved 1048576K
Event: 2.393 GC heap after
Heap after GC invocations=9 (full 0):
 PSYoungGen      total 264704K, used 23039K [0x00000000d6e00000, 0x00000000f2600000, 0x0000000100000000)
  eden space 241664K, 0% used [0x00000000d6e00000,0x00000000d6e00000,0x00000000e5a00000)
  from space 23040K, 99% used [0x00000000e5a00000,0x00000000e707fcc8,0x00000000e7080000)
  to   space 31744K, 0% used [0x00000000f0700000,0x00000000f0700000,0x00000000f2600000)
 ParOldGen       total 84992K, used 31658K [0x0000000084a00000, 0x0000000089d00000, 0x00000000d6e00000)
  object space 84992K, 37% used [0x0000000084a00000,0x00000000868eabf8,0x0000000089d00000)
 Metaspace       used 8867K, capacity 9050K, committed 9344K, reserved 1056768K
  class space    used 971K, capacity 1054K, committed 1152K, reserved 1048576K
}
Event: 2.773 GC heap before
{Heap before GC invocations=10 (full 0):
 PSYoungGen      total 264704K, used 264703K [0x00000000d6e00000, 0x00000000f2600000, 0x0000000100000000)
  eden space 241664K, 100% used [0x00000000d6e00000,0x00000000e5a00000,0x00000000e5a00000)
  from space 23040K, 99% used [0x00000000e5a00000,0x00000000e707fcc8,0x00000000e7080000)
  to   space 31744K, 0% used [0x00000000f0700000,0x00000000f0700000,0x00000000f2600000)
 ParOldGen       total 84992K, used 31658K [0x0000000084a00000, 0x0000000089d00000, 0x00000000d6e00000)
  object space 84992K, 37% used [0x0000000084a00000,0x00000000868eabf8,0x0000000089d00000)
 Metaspace       used 8888K, capacity 9050K, committed 9344K, reserved 1056768K
  class space    used 971K, capacity 1054K, committed 1152K, reserved 1048576K
Event: 2.789 GC heap after
Heap after GC invocations=10 (full 0):
 PSYoungGen      total 418304K, used 17908K [0x00000000d6e00000, 0x00000000f2700000, 0x0000000100000000)
  eden space 386560K, 0% used [0x00000000d6e00000,0x00000000d6e00000,0x00000000ee780000)
  from space 31744K, 56% used [0x00000000f0700000,0x00000000f187d360,0x00000000f2600000)
  to   space 32256K, 0% used [0x00000000ee780000,0x00000000ee780000,0x00000000f0700000)
 ParOldGen       total 84992K, used 33743K [0x0000000084a00000, 0x0000000089d00000, 0x00000000d6e00000)
  object space 84992K, 39% used [0x0000000084a00000,0x0000000086af3c28,0x0000000089d00000)
 Metaspace       used 8888K, capacity 9050K, committed 9344K, reserved 1056768K
  class space    used 971K, capacity 1054K, committed 1152K, reserved 1048576K
}
Event: 3.455 GC heap before
{Heap before GC invocations=11 (full 0):
 PSYoungGen      total 418304K, used 404468K [0x00000000d6e00000, 0x00000000f2700000, 0x0000000100000000)
  eden space 386560K, 100% used [0x00000000d6e00000,0x00000000ee780000,0x00000000ee780000)
  from space 31744K, 56% used [0x00000000f0700000,0x00000000f187d360,0x00000000f2600000)
  to   space 32256K, 0% used [0x00000000ee780000,0x00000000ee780000,0x00000000f0700000)
 ParOldGen       total 84992K, used 33743K [0x0000000084a00000, 0x0000000089d00000, 0x00000000d6e00000)
  object space 84992K, 39% used [0x0000000084a00000,0x0000000086af3c28,0x0000000089d00000)
 Metaspace       used 8888K, capacity 9050K, committed 9344K, reserved 1056768K
  class space    used 971K, capacity 1054K, committed 1152K, reserved 1048576K
Event: 3.468 GC heap after
Heap after GC invocations=11 (full 0):
 PSYoungGen      total 418816K, used 5088K [0x00000000d6e00000, 0x00000000fff80000, 0x0000000100000000)
  eden space 386560K, 0% used [0x00000000d6e00000,0x00000000d6e00000,0x00000000ee780000)
  from space 32256K, 15% used [0x00000000ee780000,0x00000000eec78000,0x00000000f0700000)
  to   space 31744K, 0% used [0x00000000fe080000,0x00000000fe080000,0x00000000fff80000)
 ParOldGen       total 84992K, used 37823K [0x0000000084a00000, 0x0000000089d00000, 0x00000000d6e00000)
  object space 84992K, 44% used [0x0000000084a00000,0x0000000086eefc58,0x0000000089d00000)
 Metaspace       used 8888K, capacity 9050K, committed 9344K, reserved 1056768K
  class space    used 971K, capacity 1054K, committed 1152K, reserved 1048576K
}
Event: 4.364 GC heap before
{Heap before GC invocations=12 (full 0):
 PSYoungGen      total 418816K, used 391648K [0x00000000d6e00000, 0x00000000fff80000, 0x0000000100000000)
  eden space 386560K, 100% used [0x00000000d6e00000,0x00000000ee780000,0x00000000ee780000)
  from space 32256K, 15% used [0x00000000ee780000,0x00000000eec78000,0x00000000f0700000)
  to   space 31744K, 0% used [0x00000000fe080000,0x00000000fe080000,0x00000000fff80000)
 ParOldGen       total 84992K, used 37823K [0x0000000084a00000, 0x0000000089d00000, 0x00000000d6e00000)
  object space 84992K, 44% used [0x0000000084a00000,0x0000000086eefc58,0x0000000089d00000)
 Metaspace       used 10971K, capacity 11208K, committed 11520K, reserved 1058816K
  class space    used 1386K, capacity 1476K, committed 1536K, reserved 1048576K
Event: 4.430 GC heap after
Heap after GC invocations=12 (full 0):
 PSYoungGen      total 616448K, used 31732K [0x00000000d6e00000, 0x0000000100000000, 0x0000000100000000)
  eden space 584704K, 0% used [0x00000000d6e00000,0x00000000d6e00000,0x00000000fa900000)
  from space 31744K, 99% used [0x00000000fe080000,0x00000000fff7d3c0,0x00000000fff80000)
  to   space 44544K, 0% used [0x00000000fa900000,0x00000000fa900000,0x00000000fd480000)
 ParOldGen       total 84992K, used 58169K [0x0000000084a00000, 0x0000000089d00000, 0x00000000d6e00000)
  object space 84992K, 68% used [0x0000000084a00000,0x00000000882ce700,0x0000000089d00000)
 Metaspace       used 10971K, capacity 11208K, committed 11520K, reserved 1058816K
  class space    used 1386K, capacity 1476K, committed 1536K, reserved 1048576K
}

Deoptimization events (10 events):
Event: 5.383 Thread 0x0000021cbb9eb800 Uncommon trap: reason=unstable_if action=reinterpret pc=0x0000021cbd731934 method=java.util.HashMap$HashIterator.<init>(Ljava/util/HashMap;)V @ 38
Event: 5.406 Thread 0x0000021cd4577000 Uncommon trap: reason=class_check action=maybe_recompile pc=0x0000021cbd8941b0 method=com.google.common.base.Joiner.appendTo(Ljava/lang/Appendable;Ljava/util/Iterator;)Ljava/lang/Appendable; @ 6
Event: 5.406 Thread 0x0000021cd4577000 Uncommon trap: reason=class_check action=maybe_recompile pc=0x0000021cbd7dc938 method=com.google.common.base.Joiner.toString(Ljava/lang/Object;)Ljava/lang/CharSequence; @ 6
Event: 5.406 Thread 0x0000021cd4577000 Uncommon trap: reason=class_check action=maybe_recompile pc=0x0000021cbd7dc938 method=com.google.common.base.Joiner.toString(Ljava/lang/Object;)Ljava/lang/CharSequence; @ 6
Event: 5.406 Thread 0x0000021cd4577000 Uncommon trap: reason=class_check action=maybe_recompile pc=0x0000021cbd7dc938 method=com.google.common.base.Joiner.toString(Ljava/lang/Object;)Ljava/lang/CharSequence; @ 6
Event: 5.406 Thread 0x0000021cd4577000 Uncommon trap: reason=class_check action=maybe_recompile pc=0x0000021cbd7dc938 method=com.google.common.base.Joiner.toString(Ljava/lang/Object;)Ljava/lang/CharSequence; @ 6
Event: 5.407 Thread 0x0000021cd4577000 Uncommon trap: reason=unstable_if action=reinterpret pc=0x0000021cbd879d1c method=sun.nio.cs.UTF_8$Encoder.encodeArrayLoop(Ljava/nio/CharBuffer;Ljava/nio/ByteBuffer;)Ljava/nio/charset/CoderResult; @ 113
Event: 5.407 Thread 0x0000021cd4577000 Uncommon trap: reason=class_check action=maybe_recompile pc=0x0000021cbd8a4438 method=org.reflections.Reflections.scan(Ljava/net/URL;)V @ 77
Event: 5.407 Thread 0x0000021cd4577000 Uncommon trap: reason=unstable_if action=reinterpret pc=0x0000021cbd6c40d4 method=org.reflections.util.ConfigurationBuilder.getMetadataAdapter()Lorg/reflections/adapters/MetadataAdapter; @ 4
Event: 5.440 Thread 0x0000021cd4577000 Uncommon trap: reason=class_check action=maybe_recompile pc=0x0000021cbd8a4438 method=org.reflections.Reflections.scan(Ljava/net/URL;)V @ 77

Classes redefined (0 events):
No events

Internal exceptions (10 events):
Event: 0.375 Thread 0x0000021cbb9eb800 Exception <a 'java/lang/ArrayIndexOutOfBoundsException': 160> (0x00000000d78990a0) thrown at [C:\jenkins\workspace\8-2-build-windows-amd64-cygwin\jdk8u281\880\hotspot\src\share\vm\interpreter\interpreterRuntime.cpp, line 371]
Event: 0.378 Thread 0x0000021cbb9eb800 Exception <a 'java/lang/ClassNotFoundException': org/apache/log4j/LayoutCustomizer> (0x00000000d78abf88) thrown at [C:\jenkins\workspace\8-2-build-windows-amd64-cygwin\jdk8u281\880\hotspot\src\share\vm\classfile\systemDictionary.cpp, line 212]
Event: 0.381 Thread 0x0000021cbb9eb800 Exception <a 'java/lang/ClassNotFoundException': org/apache/log4j/PatternLayoutCustomizer> (0x00000000d78d3e28) thrown at [C:\jenkins\workspace\8-2-build-windows-amd64-cygwin\jdk8u281\880\hotspot\src\share\vm\classfile\systemDictionary.cpp, line 212]
Event: 1.447 Thread 0x0000021cbb9eb800 Implicit null exception at 0x0000021cbd75c647 to 0x0000021cbd75c805
Event: 1.447 Thread 0x0000021cbb9eb800 Implicit null exception at 0x0000021cbd728372 to 0x0000021cbd728a65
Event: 3.538 Thread 0x0000021cbb9eb800 Implicit null exception at 0x0000021cbd734831 to 0x0000021cbd737881
Event: 5.331 Thread 0x0000021cbb9eb800 Implicit null exception at 0x0000021cbd70f980 to 0x0000021cbd70fa71
Event: 5.382 Thread 0x0000021cbb9eb800 Implicit null exception at 0x0000021cbd9705e9 to 0x0000021cbd97092d
Event: 5.383 Thread 0x0000021cbb9eb800 Implicit null exception at 0x0000021cbd7317f3 to 0x0000021cbd731919
Event: 5.407 Thread 0x0000021cd4577000 Implicit null exception at 0x0000021cbd6c3fa8 to 0x0000021cbd6c40c1

Events (10 events):
Event: 5.407 Thread 0x0000021cd4577000 Uncommon trap: trap_request=0xffffff65 fr.pc=0x0000021cbd6c40d4
Event: 5.407 Thread 0x0000021cd4577000 DEOPT PACKING pc=0x0000021cbd6c40d4 sp=0x0000007be74fed50
Event: 5.407 Thread 0x0000021cd4577000 DEOPT UNPACKING pc=0x0000021cbd315843 sp=0x0000007be74fec40 mode 2
Event: 5.411 Thread 0x0000021cd1976000 flushing nmethod 0x0000021cbd52d550
Event: 5.411 Thread 0x0000021cd1976000 flushing nmethod 0x0000021cbd52f890
Event: 5.411 Thread 0x0000021cd1976000 flushing nmethod 0x0000021cbd531c90
Event: 5.411 Thread 0x0000021cd1976000 flushing nmethod 0x0000021cbd5323d0
Event: 5.440 Thread 0x0000021cd4577000 Uncommon trap: trap_request=0xffffffde fr.pc=0x0000021cbd8a4438
Event: 5.440 Thread 0x0000021cd4577000 DEOPT PACKING pc=0x0000021cbd8a4438 sp=0x0000007be74fed60
Event: 5.440 Thread 0x0000021cd4577000 DEOPT UNPACKING pc=0x0000021cbd315843 sp=0x0000007be74fed58 mode 2


Dynamic libraries:
0x00007ff63db20000 - 0x00007ff63db67000 	C:\Program Files\Java\jdk1.8.0_281\jre\bin\java.exe
0x00007ff942770000 - 0x00007ff942965000 	C:\WINDOWS\SYSTEM32\ntdll.dll
0x00007ff940bc0000 - 0x00007ff940c7d000 	C:\WINDOWS\System32\KERNEL32.DLL
0x00007ff9400c0000 - 0x00007ff940388000 	C:\WINDOWS\System32\KERNELBASE.dll
0x00007ff941e50000 - 0x00007ff941efc000 	C:\WINDOWS\System32\ADVAPI32.dll
0x00007ff940d80000 - 0x00007ff940e1e000 	C:\WINDOWS\System32\msvcrt.dll
0x00007ff942330000 - 0x00007ff9423cb000 	C:\WINDOWS\System32\sechost.dll
0x00007ff9408e0000 - 0x00007ff940a0b000 	C:\WINDOWS\System32\RPCRT4.dll
0x00007ff9420e0000 - 0x00007ff942280000 	C:\WINDOWS\System32\USER32.dll
0x00007ff940540000 - 0x00007ff940562000 	C:\WINDOWS\System32\win32u.dll
0x00007ff940b90000 - 0x00007ff940bba000 	C:\WINDOWS\System32\GDI32.dll
0x00007ff940610000 - 0x00007ff94071b000 	C:\WINDOWS\System32\gdi32full.dll
0x00007ff940570000 - 0x00007ff94060d000 	C:\WINDOWS\System32\msvcp_win.dll
0x00007ff940390000 - 0x00007ff940490000 	C:\WINDOWS\System32\ucrtbase.dll
0x00007ff92a220000 - 0x00007ff92a4ba000 	C:\WINDOWS\WinSxS\amd64_microsoft.windows.common-controls_6595b64144ccf1df_6.0.19041.844_none_ca00b6081b84eb1d\COMCTL32.dll
0x00007ff940c80000 - 0x00007ff940cb0000 	C:\WINDOWS\System32\IMM32.DLL
0x00007ff939d10000 - 0x00007ff939d25000 	C:\Program Files\Java\jdk1.8.0_281\jre\bin\vcruntime140.dll
0x00007ff8ffd00000 - 0x00007ff8ffd9b000 	C:\Program Files\Java\jdk1.8.0_281\jre\bin\msvcp140.dll
0x0000000063650000 - 0x0000000063eaf000 	C:\Program Files\Java\jdk1.8.0_281\jre\bin\server\jvm.dll
0x00007ff940b00000 - 0x00007ff940b08000 	C:\WINDOWS\System32\PSAPI.DLL
0x00007ff9353c0000 - 0x00007ff9353e7000 	C:\WINDOWS\SYSTEM32\WINMM.dll
0x00007ff93b220000 - 0x00007ff93b229000 	C:\WINDOWS\SYSTEM32\WSOCK32.dll
0x00007ff934180000 - 0x00007ff93418a000 	C:\WINDOWS\SYSTEM32\VERSION.dll
0x00007ff940e20000 - 0x00007ff940e8b000 	C:\WINDOWS\System32\WS2_32.dll
0x00007ff93e740000 - 0x00007ff93e752000 	C:\WINDOWS\SYSTEM32\kernel.appcore.dll
0x00007ff93b470000 - 0x00007ff93b480000 	C:\Program Files\Java\jdk1.8.0_281\jre\bin\verify.dll
0x00007ff921460000 - 0x00007ff92148b000 	C:\Program Files\Java\jdk1.8.0_281\jre\bin\java.dll
0x00007ff924280000 - 0x00007ff924298000 	C:\Program Files\Java\jdk1.8.0_281\jre\bin\zip.dll
0x00007ff9414e0000 - 0x00007ff941c22000 	C:\WINDOWS\System32\SHELL32.dll
0x00007ff93de90000 - 0x00007ff93e620000 	C:\WINDOWS\SYSTEM32\windows.storage.dll
0x00007ff9423d0000 - 0x00007ff942725000 	C:\WINDOWS\System32\combase.dll
0x00007ff93f850000 - 0x00007ff93f87c000 	C:\WINDOWS\SYSTEM32\Wldp.dll
0x00007ff9407d0000 - 0x00007ff94087e000 	C:\WINDOWS\System32\SHCORE.dll
0x00007ff941f60000 - 0x00007ff941fb5000 	C:\WINDOWS\System32\shlwapi.dll
0x00007ff93fdf0000 - 0x00007ff93fe0f000 	C:\WINDOWS\SYSTEM32\profapi.dll
0x00007ff9213d0000 - 0x00007ff9213ec000 	C:\Program Files\Java\jdk1.8.0_281\jre\bin\net.dll
0x00007ff93f630000 - 0x00007ff93f69a000 	C:\WINDOWS\system32\mswsock.dll
0x00007ff93d9d0000 - 0x00007ff93dbb4000 	C:\WINDOWS\SYSTEM32\dbghelp.dll
0x00007ff940490000 - 0x00007ff940510000 	C:\WINDOWS\System32\bcryptPrimitives.dll

VM Arguments:
jvm_args: -Dfile.encoding=UTF-8 
java_command: com.thoughtworks.gauge.GaugeRuntime
java_class_path (initial): C:\Program Files\Java\jdk1.8.0_281\jre\lib\charsets.jar;C:\Program Files\Java\jdk1.8.0_281\jre\lib\deploy.jar;C:\Program Files\Java\jdk1.8.0_281\jre\lib\ext\access-bridge-64.jar;C:\Program Files\Java\jdk1.8.0_281\jre\lib\ext\cldrdata.jar;C:\Program Files\Java\jdk1.8.0_281\jre\lib\ext\dnsns.jar;C:\Program Files\Java\jdk1.8.0_281\jre\lib\ext\jaccess.jar;C:\Program Files\Java\jdk1.8.0_281\jre\lib\ext\jfxrt.jar;C:\Program Files\Java\jdk1.8.0_281\jre\lib\ext\localedata.jar;C:\Program Files\Java\jdk1.8.0_281\jre\lib\ext\nashorn.jar;C:\Program Files\Java\jdk1.8.0_281\jre\lib\ext\sunec.jar;C:\Program Files\Java\jdk1.8.0_281\jre\lib\ext\sunjce_provider.jar;C:\Program Files\Java\jdk1.8.0_281\jre\lib\ext\sunmscapi.jar;C:\Program Files\Java\jdk1.8.0_281\jre\lib\ext\sunpkcs11.jar;C:\Program Files\Java\jdk1.8.0_281\jre\lib\ext\zipfs.jar;C:\Program Files\Java\jdk1.8.0_281\jre\lib\javaws.jar;C:\Program Files\Java\jdk1.8.0_281\jre\lib\jce.jar;C:\Program Files\Java\jdk1.8.0_281\jre\lib\jfr.jar;C:\Program Files\Java\jdk1.8.0_281\jre\lib\jfxswt.jar;C:\Program Files\Java\jdk1.8.0_281\jre\lib\jsse.jar;C:\Program Files\Java\jdk1.8.0_281\jre\lib\management-agent.jar;C:\Program Files\Java\jdk1.8.0_281\jre\lib\plugin.jar;C:\Program Files\Java\jdk1.8.0_281\jre\lib\resources.jar;C:\Program Files\Java\jdk1.8.0_281\jre\lib\rt.jar;C:\Users\testinium\IdeaProjects\THY\target\test-classes;C:\Users\testinium\IdeaProjects\THY\target\classes;C:\Users\testinium\.m2\repository\junit\junit\4.12\junit-4.12.jar;C:\Users\testinium\.m2\repository\org\hamcrest\hamcrest-core\1.3\hamcrest-core-1.3.jar;C:\Users\testinium\.m2\repository\com\thoughtworks\gauge\gauge-java\0.7.3\gauge-java-0.7.3.jar;C:\Users\testinium\.m2\repository\org\assertj\assertj-core\3.14.0\assertj-core-3.14.0.jar;C:\Users\testinium\.m2\repository\org\reflections\reflections\0.9.11\reflections-0.9.11.jar;C:\Users\testinium\.m2\repository\org\javassist\javassist\3.21.0-GA\javassist-3.21.0-GA.jar;C:\Users\testinium\.
Launcher Type: SUN_STANDARD

Environment Variables:
JAVA_HOME=C:\Program Files\Java\jdk1.8.0_281
PATH=C:\Program Files (x86)\Common Files\Oracle\Java\javapath;C:\Windows\system32;C:\Windows;C:\Windows\System32\Wbem;C:\Windows\System32\WindowsPowerShell\v1.0\;C:\Windows\System32\OpenSSH\;C:\Program Files\nodejs\;C:\Program Files\Maven\apache-maven-3.8.1\bin;C:\Program Files\Java\jdk1.8.0_281\bin;C:\Program Files\Gauge\bin;C:\WINDOWS\system32;C:\WINDOWS;C:\WINDOWS\System32\Wbem;C:\WINDOWS\System32\WindowsPowerShell\v1.0\;C:\WINDOWS\System32\OpenSSH\;C:\Program Files\Git\cmd;C:\Users\testinium\AppData\Local\Android\Sdk\platform-tools;C:\Users\testinium\AppData\Local\Android\Sdk\tools;C:\Users\testinium\AppData\Local\Android\Sdk\build-tools;C:\Users\testinium\AppData\Local\Microsoft\WindowsApps;C:\Users\testinium\AppData\Roaming\npm;;C:\Users\testinium\AppData\Roaming\gauge\plugins\screenshot\0.0.1
USERNAME=testinium
OS=Windows_NT
PROCESSOR_IDENTIFIER=Intel64 Family 6 Model 140 Stepping 1, GenuineIntel



---------------  S Y S T E M  ---------------

OS: Windows 10.0 , 64 bit Build 19041 (10.0.19041.928)

CPU:total 8 (initial active 8) (4 cores per cpu, 2 threads per core) family 6 model 140 stepping 1, cmov, cx8, fxsr, mmx, sse, sse2, sse3, ssse3, sse4.1, sse4.2, popcnt, avx, avx2, aes, clmul, erms, 3dnowpref, lzcnt, ht, tsc, tscinvbit, bmi1, bmi2, adx

Memory: 4k page, physical 8083572k(414372k free), swap 33249396k(684k free)

vm_info: Java HotSpot(TM) 64-Bit Server VM (25.281-b09) for windows-amd64 JRE (1.8.0_281-b09), built on Dec  9 2020 13:54:07 by "" with MS VC++ 15.9 (VS2017)

time: Wed Jun  2 01:05:15 2021
timezone: Türkiye Standart Saati
elapsed time: 5.608270 seconds (0d 0h 0m 5s)

