#
# There is insufficient memory for the Java Runtime Environment to continue.
# Native memory allocation (malloc) failed to allocate 32744 bytes for ChunkPool::allocate
# Possible reasons:
#   The system is out of physical RAM or swap space
#   The process is running with CompressedOops enabled, and the Java Heap may be blocking the growth of the native heap
# Possible solutions:
#   Reduce memory load on the system
#   Increase physical memory or swap space
#   Check if swap backing store is full
#   Decrease Java heap size (-Xmx/-Xms)
#   Decrease number of Java threads
#   Decrease Java thread stack sizes (-Xss)
#   Set larger code cache with -XX:ReservedCodeCacheSize=
#   JVM is running with Unscaled Compressed Oops mode in which the Java heap is
#     placed in the first 4GB address space. The Java Heap base address is the
#     maximum limit for the native heap growth. Please use -XX:HeapBaseMinAddress
#     to set the Java Heap base and to place the Java Heap above 4GB virtual address.
# This output file may be truncated or incomplete.
#
#  Out of Memory Error (allocation.cpp:272), pid=18104, tid=0x0000000000004608
#
# JRE version: Java(TM) SE Runtime Environment (8.0_281-b09) (build 1.8.0_281-b09)
# Java VM: Java HotSpot(TM) 64-Bit Server VM (25.281-b09 mixed mode windows-amd64 compressed oops)
# Failed to write core dump. Minidumps are not enabled by default on client versions of Windows
#

---------------  T H R E A D  ---------------

Current thread (0x000001ca5d97f000):  JavaThread "Thread-0" [_thread_in_native, id=17928, stack(0x0000002e69100000,0x0000002e69200000)]

Stack: [0x0000002e69100000,0x0000002e69200000]
Native frames: (J=compiled Java code, j=interpreted, Vv=VM code, C=native code)
V  [jvm.dll+0x32e5b9]
V  [jvm.dll+0x275012]
V  [jvm.dll+0x275cbd]
V  [jvm.dll+0x26c6f5]
V  [jvm.dll+0xd569d]
V  [jvm.dll+0xd59fc]
V  [jvm.dll+0x65f79]
V  [jvm.dll+0x66257]
V  [jvm.dll+0x6638d]
V  [jvm.dll+0x659cf]
V  [jvm.dll+0x83a5e]
V  [jvm.dll+0x84ea0]
V  [jvm.dll+0x85263]
V  [jvm.dll+0x100a62]
V  [jvm.dll+0xc12cf]
V  [jvm.dll+0xbeaef]
C  0x000001ca441b843c

Java frames: (J=compiled Java code, j=interpreted, Vv=VM code)
j  com.sun.imageio.plugins.png.PNGImageWriter.write_IDAT(Ljava/awt/image/RenderedImage;)V+0
j  com.sun.imageio.plugins.png.PNGImageWriter.write(Ljavax/imageio/metadata/IIOMetadata;Ljavax/imageio/IIOImage;Ljavax/imageio/ImageWriteParam;)V+652
j  javax.imageio.ImageWriter.write(Ljava/awt/image/RenderedImage;)V+13
j  javax.imageio.ImageIO.doWrite(Ljava/awt/image/RenderedImage;Ljavax/imageio/ImageWriter;Ljavax/imageio/stream/ImageOutputStream;)Z+13
j  javax.imageio.ImageIO.write(Ljava/awt/image/RenderedImage;Ljava/lang/String;Ljava/io/OutputStream;)Z+45
j  com.thoughtworks.gauge.screenshot.ScreenshotFactory.captureScreen()[B+89
j  com.thoughtworks.gauge.screenshot.ScreenshotFactory.takeScreenshot()[B+71
j  com.thoughtworks.gauge.screenshot.ScreenshotFactory.getScreenshotBytes()[B+8
j  com.thoughtworks.gauge.execution.MethodExecutor.createFailureExecResult(JLjava/lang/Throwable;Z[Ljava/lang/Class;)Lgauge/messages/Spec$ProtoExecutionResult;+20
j  com.thoughtworks.gauge.execution.MethodExecutor.execute(Ljava/lang/reflect/Method;[Ljava/lang/Object;)Lgauge/messages/Spec$ProtoExecutionResult;+101
j  com.thoughtworks.gauge.execution.HooksExecutor$TaggedHookExecutor.executeHook()Lgauge/messages/Spec$ProtoExecutionResult;+78
j  com.thoughtworks.gauge.execution.HooksExecutor$TaggedHookExecutor.execute()Lgauge/messages/Spec$ProtoExecutionResult;+29
j  com.thoughtworks.gauge.execution.HooksExecutor.execute()Lgauge/messages/Spec$ProtoExecutionResult;+49
j  com.thoughtworks.gauge.processor.MethodExecutionMessageProcessor.executeHooks(Ljava/util/List;Lgauge/messages/Messages$Message;Lcom/thoughtworks/gauge/ExecutionContext;)Lgauge/messages/Messages$Message;+13
j  com.thoughtworks.gauge.processor.ScenarioExecutionStartingProcessor.process(Lgauge/messages/Messages$Message;)Lgauge/messages/Messages$Message;+24
j  com.thoughtworks.gauge.connection.MessageDispatcher.dispatchMessages(Lcom/thoughtworks/gauge/connection/GaugeConnector;)V+96
j  com.thoughtworks.gauge.GaugeRuntime.dispatchMessages(Lcom/thoughtworks/gauge/scan/StaticScanner;Lcom/thoughtworks/gauge/connection/GaugeConnector;)V+27
j  com.thoughtworks.gauge.GaugeRuntime.lambda$connectSynchronously$2(Lcom/thoughtworks/gauge/scan/StaticScanner;Lcom/thoughtworks/gauge/connection/GaugeConnector;)V+2
j  com.thoughtworks.gauge.GaugeRuntime$$Lambda$10.run()V+8
j  java.lang.Thread.run()V+11
v  ~StubRoutines::call_stub

---------------  P R O C E S S  ---------------

Java Threads: ( => current thread )
  0x000001ca5f3e9800 JavaThread "AWT-Windows" daemon [_thread_in_native, id=16496, stack(0x0000002e69a00000,0x0000002e69b00000)]
  0x000001ca5c252000 JavaThread "AWT-Shutdown" [_thread_blocked, id=10412, stack(0x0000002e69900000,0x0000002e69a00000)]
  0x000001ca5c300800 JavaThread "Java2D Disposer" daemon [_thread_blocked, id=14088, stack(0x0000002e69800000,0x0000002e69900000)]
  0x000001ca5b221800 JavaThread "Okio Watchdog" daemon [_thread_blocked, id=15420, stack(0x0000002e69700000,0x0000002e69800000)]
  0x000001ca5cc64800 JavaThread "OkHttp ConnectionPool" daemon [_thread_blocked, id=8508, stack(0x0000002e69600000,0x0000002e69700000)]
  0x000001ca5bd6a800 JavaThread "ForkJoinPool.commonPool-worker-3" daemon [_thread_blocked, id=8532, stack(0x0000002e69400000,0x0000002e69500000)]
  0x000001ca5dca3000 JavaThread "ForkJoinPool.commonPool-worker-2" daemon [_thread_blocked, id=10548, stack(0x0000002e69300000,0x0000002e69400000)]
  0x000001ca5b6ac000 JavaThread "ForkJoinPool.commonPool-worker-1" daemon [_thread_blocked, id=11100, stack(0x0000002e69200000,0x0000002e69300000)]
=>0x000001ca5d97f000 JavaThread "Thread-0" [_thread_in_native, id=17928, stack(0x0000002e69100000,0x0000002e69200000)]
  0x000001ca5a7aa800 JavaThread "Service Thread" daemon [_thread_blocked, id=17924, stack(0x0000002e68f00000,0x0000002e69000000)]
  0x000001ca58829800 JavaThread "C1 CompilerThread3" daemon [_thread_blocked, id=17280, stack(0x0000002e68e00000,0x0000002e68f00000)]
  0x000001ca58826000 JavaThread "C2 CompilerThread2" daemon [_thread_in_native, id=2328, stack(0x0000002e68d00000,0x0000002e68e00000)]
  0x000001ca58827800 JavaThread "C2 CompilerThread1" daemon [_thread_in_native, id=1456, stack(0x0000002e68c00000,0x0000002e68d00000)]
  0x000001ca58821000 JavaThread "C2 CompilerThread0" daemon [_thread_in_native, id=14880, stack(0x0000002e68b00000,0x0000002e68c00000)]
  0x000001ca5881f800 JavaThread "Attach Listener" daemon [_thread_blocked, id=1608, stack(0x0000002e68a00000,0x0000002e68b00000)]
  0x000001ca5881f000 JavaThread "Signal Dispatcher" daemon [_thread_blocked, id=14760, stack(0x0000002e68900000,0x0000002e68a00000)]
  0x000001ca587f9000 JavaThread "Finalizer" daemon [_thread_blocked, id=296, stack(0x0000002e68800000,0x0000002e68900000)]
  0x000001ca587f1800 JavaThread "Reference Handler" daemon [_thread_blocked, id=11408, stack(0x0000002e68700000,0x0000002e68800000)]
  0x000001ca4288d800 JavaThread "main" [_thread_blocked, id=15296, stack(0x0000002e67d00000,0x0000002e67e00000)]

Other Threads:
  0x000001ca587c7000 VMThread [stack: 0x0000002e68600000,0x0000002e68700000] [id=16520]
  0x000001ca5a7c6800 WatcherThread [stack: 0x0000002e69000000,0x0000002e69100000] [id=10596]

VM state:not at safepoint (normal execution)

VM Mutex/Monitor currently owned by a thread: None

heap address: 0x0000000084a00000, size: 1974 MB, Compressed Oops mode: 32-bit
Narrow klass base: 0x0000000000000000, Narrow klass shift: 3
Compressed class space size: 1073741824 Address: 0x0000000100000000

Heap:
 PSYoungGen      total 590848K, used 139442K [0x00000000d6e00000, 0x0000000100000000, 0x0000000100000000)
  eden space 543744K, 17% used [0x00000000d6e00000,0x00000000dc8aad80,0x00000000f8100000)
  from space 47104K, 98% used [0x00000000f8100000,0x00000000fae81a90,0x00000000faf00000)
  to   space 69632K, 0% used [0x00000000fbc00000,0x00000000fbc00000,0x0000000100000000)
 ParOldGen       total 136704K, used 80342K [0x0000000084a00000, 0x000000008cf80000, 0x00000000d6e00000)
  object space 136704K, 58% used [0x0000000084a00000,0x0000000089875900,0x000000008cf80000)
 Metaspace       used 29507K, capacity 30244K, committed 30592K, reserved 1075200K
  class space    used 4433K, capacity 4624K, committed 4736K, reserved 1048576K

Card table byte_map: [0x000001ca53550000,0x000001ca53930000] byte_map_base: 0x000001ca5312b000

Marking Bits: (ParMarkBitMap*) 0x0000000063e36ff0
 Begin Bits: [0x000001ca53bd0000, 0x000001ca55aa8000)
 End Bits:   [0x000001ca55aa8000, 0x000001ca57980000)

Polling page: 0x000001ca429b0000

CodeCache: size=245760Kb used=7386Kb max_used=7413Kb free=238374Kb
 bounds [0x000001ca44190000, 0x000001ca448e0000, 0x000001ca53190000]
 total_blobs=2467 nmethods=2000 adapters=379
 compilation: enabled

Compilation events (10 events):
Event: 18.733 Thread 0x000001ca58829800 nmethod 2379 0x000001ca44646250 code [0x000001ca446463a0, 0x000001ca44646538]
Event: 18.733 Thread 0x000001ca58829800 2380       1       java.lang.invoke.SimpleMethodHandle::fieldCount (2 bytes)
Event: 18.733 Thread 0x000001ca58829800 nmethod 2380 0x000001ca44645f90 code [0x000001ca446460e0, 0x000001ca446461f8]
Event: 18.768 Thread 0x000001ca58829800 2381   !   3       java.lang.invoke.MethodHandleNatives::linkMethodHandleConstant (154 bytes)
Event: 18.769 Thread 0x000001ca58829800 nmethod 2381 0x000001ca446449d0 code [0x000001ca44644c40, 0x000001ca44645910]
Event: 18.769 Thread 0x000001ca58829800 2382       3       java.lang.invoke.MethodHandles$Lookup::linkMethodHandleConstant (185 bytes)
Event: 18.770 Thread 0x000001ca58829800 nmethod 2382 0x000001ca44642c90 code [0x000001ca44642f40, 0x000001ca446443c0]
Event: 18.772 Thread 0x000001ca58829800 2383       3       java.lang.invoke.MethodHandles::access$000 (4 bytes)
Event: 18.780 Thread 0x000001ca58829800 nmethod 2383 0x000001ca44642990 code [0x000001ca44642ae0, 0x000001ca44642c18]
Event: 18.941 Thread 0x000001ca58827800 2384       4       java.io.WinNTFileSystem::normalize (143 bytes)

GC Heap History (10 events):
Event: 6.020 GC heap before
{Heap before GC invocations=12 (full 0):
 PSYoungGen      total 418816K, used 391680K [0x00000000d6e00000, 0x00000000ffe80000, 0x0000000100000000)
  eden space 386560K, 100% used [0x00000000d6e00000,0x00000000ee780000,0x00000000ee780000)
  from space 32256K, 15% used [0x00000000ee780000,0x00000000eec80000,0x00000000f0700000)
  to   space 31232K, 0% used [0x00000000fe000000,0x00000000fe000000,0x00000000ffe80000)
 ParOldGen       total 84992K, used 37457K [0x0000000084a00000, 0x0000000089d00000, 0x00000000d6e00000)
  object space 84992K, 44% used [0x0000000084a00000,0x0000000086e94788,0x0000000089d00000)
 Metaspace       used 11032K, capacity 11304K, committed 11520K, reserved 1058816K
  class space    used 1402K, capacity 1508K, committed 1536K, reserved 1048576K
Event: 6.147 GC heap after
Heap after GC invocations=12 (full 0):
 PSYoungGen      total 615936K, used 31215K [0x00000000d6e00000, 0x0000000100000000, 0x0000000100000000)
  eden space 584704K, 0% used [0x00000000d6e00000,0x00000000d6e00000,0x00000000fa900000)
  from space 31232K, 99% used [0x00000000fe000000,0x00000000ffe7bd18,0x00000000ffe80000)
  to   space 44544K, 0% used [0x00000000fa900000,0x00000000fa900000,0x00000000fd480000)
 ParOldGen       total 84992K, used 58314K [0x0000000084a00000, 0x0000000089d00000, 0x00000000d6e00000)
  object space 84992K, 68% used [0x0000000084a00000,0x00000000882f2be8,0x0000000089d00000)
 Metaspace       used 11032K, capacity 11304K, committed 11520K, reserved 1058816K
  class space    used 1402K, capacity 1508K, committed 1536K, reserved 1048576K
}
Event: 8.478 GC heap before
{Heap before GC invocations=13 (full 0):
 PSYoungGen      total 615936K, used 615919K [0x00000000d6e00000, 0x0000000100000000, 0x0000000100000000)
  eden space 584704K, 100% used [0x00000000d6e00000,0x00000000fa900000,0x00000000fa900000)
  from space 31232K, 99% used [0x00000000fe000000,0x00000000ffe7bd18,0x00000000ffe80000)
  to   space 44544K, 0% used [0x00000000fa900000,0x00000000fa900000,0x00000000fd480000)
 ParOldGen       total 84992K, used 58314K [0x0000000084a00000, 0x0000000089d00000, 0x00000000d6e00000)
  object space 84992K, 68% used [0x0000000084a00000,0x00000000882f2be8,0x0000000089d00000)
 Metaspace       used 20633K, capacity 20910K, committed 21120K, reserved 1067008K
  class space    used 3310K, capacity 3409K, committed 3456K, reserved 1048576K
Event: 8.535 GC heap after
Heap after GC invocations=13 (full 0):
 PSYoungGen      total 629248K, used 44527K [0x00000000d6e00000, 0x0000000100000000, 0x0000000100000000)
  eden space 584704K, 0% used [0x00000000d6e00000,0x00000000d6e00000,0x00000000fa900000)
  from space 44544K, 99% used [0x00000000fa900000,0x00000000fd47be78,0x00000000fd480000)
  to   space 44544K, 0% used [0x00000000fd480000,0x00000000fd480000,0x0000000100000000)
 ParOldGen       total 84992K, used 79858K [0x0000000084a00000, 0x0000000089d00000, 0x00000000d6e00000)
  object space 84992K, 93% used [0x0000000084a00000,0x00000000897fcaf0,0x0000000089d00000)
 Metaspace       used 20633K, capacity 20910K, committed 21120K, reserved 1067008K
  class space    used 3310K, capacity 3409K, committed 3456K, reserved 1048576K
}
Event: 8.535 GC heap before
{Heap before GC invocations=14 (full 1):
 PSYoungGen      total 629248K, used 44527K [0x00000000d6e00000, 0x0000000100000000, 0x0000000100000000)
  eden space 584704K, 0% used [0x00000000d6e00000,0x00000000d6e00000,0x00000000fa900000)
  from space 44544K, 99% used [0x00000000fa900000,0x00000000fd47be78,0x00000000fd480000)
  to   space 44544K, 0% used [0x00000000fd480000,0x00000000fd480000,0x0000000100000000)
 ParOldGen       total 84992K, used 79858K [0x0000000084a00000, 0x0000000089d00000, 0x00000000d6e00000)
  object space 84992K, 93% used [0x0000000084a00000,0x00000000897fcaf0,0x0000000089d00000)
 Metaspace       used 20633K, capacity 20910K, committed 21120K, reserved 1067008K
  class space    used 3310K, capacity 3409K, committed 3456K, reserved 1048576K
Event: 8.665 GC heap after
Heap after GC invocations=14 (full 1):
 PSYoungGen      total 629248K, used 0K [0x00000000d6e00000, 0x0000000100000000, 0x0000000100000000)
  eden space 584704K, 0% used [0x00000000d6e00000,0x00000000d6e00000,0x00000000fa900000)
  from space 44544K, 0% used [0x00000000fa900000,0x00000000fa900000,0x00000000fd480000)
  to   space 44544K, 0% used [0x00000000fd480000,0x00000000fd480000,0x0000000100000000)
 ParOldGen       total 136704K, used 75554K [0x0000000084a00000, 0x000000008cf80000, 0x00000000d6e00000)
  object space 136704K, 55% used [0x0000000084a00000,0x00000000893c88b0,0x000000008cf80000)
 Metaspace       used 20633K, capacity 20910K, committed 21120K, reserved 1067008K
  class space    used 3310K, capacity 3409K, committed 3456K, reserved 1048576K
}
Event: 9.708 GC heap before
{Heap before GC invocations=15 (full 1):
 PSYoungGen      total 629248K, used 584704K [0x00000000d6e00000, 0x0000000100000000, 0x0000000100000000)
  eden space 584704K, 100% used [0x00000000d6e00000,0x00000000fa900000,0x00000000fa900000)
  from space 44544K, 0% used [0x00000000fa900000,0x00000000fa900000,0x00000000fd480000)
  to   space 44544K, 0% used [0x00000000fd480000,0x00000000fd480000,0x0000000100000000)
 ParOldGen       total 136704K, used 75554K [0x0000000084a00000, 0x000000008cf80000, 0x00000000d6e00000)
  object space 136704K, 55% used [0x0000000084a00000,0x00000000893c88b0,0x000000008cf80000)
 Metaspace       used 20637K, capacity 20910K, committed 21120K, reserved 1067008K
  class space    used 3310K, capacity 3409K, committed 3456K, reserved 1048576K
Event: 9.734 GC heap after
Heap after GC invocations=15 (full 1):
 PSYoungGen      total 588288K, used 44304K [0x00000000d6e00000, 0x0000000100000000, 0x0000000100000000)
  eden space 543744K, 0% used [0x00000000d6e00000,0x00000000d6e00000,0x00000000f8100000)
  from space 44544K, 99% used [0x00000000fd480000,0x00000000fffc4290,0x0000000100000000)
  to   space 65024K, 0% used [0x00000000f8100000,0x00000000f8100000,0x00000000fc080000)
 ParOldGen       total 136704K, used 75562K [0x0000000084a00000, 0x000000008cf80000, 0x00000000d6e00000)
  object space 136704K, 55% used [0x0000000084a00000,0x00000000893ca8b0,0x000000008cf80000)
 Metaspace       used 20637K, capacity 20910K, committed 21120K, reserved 1067008K
  class space    used 3310K, capacity 3409K, committed 3456K, reserved 1048576K
}
Event: 10.417 GC heap before
{Heap before GC invocations=16 (full 1):
 PSYoungGen      total 588288K, used 588048K [0x00000000d6e00000, 0x0000000100000000, 0x0000000100000000)
  eden space 543744K, 100% used [0x00000000d6e00000,0x00000000f8100000,0x00000000f8100000)
  from space 44544K, 99% used [0x00000000fd480000,0x00000000fffc4290,0x0000000100000000)
  to   space 65024K, 0% used [0x00000000f8100000,0x00000000f8100000,0x00000000fc080000)
 ParOldGen       total 136704K, used 75562K [0x0000000084a00000, 0x000000008cf80000, 0x00000000d6e00000)
  object space 136704K, 55% used [0x0000000084a00000,0x00000000893ca8b0,0x000000008cf80000)
 Metaspace       used 20647K, capacity 20910K, committed 21120K, reserved 1067008K
  class space    used 3310K, capacity 3409K, committed 3456K, reserved 1048576K
Event: 10.434 GC heap after
Heap after GC invocations=16 (full 1):
 PSYoungGen      total 590848K, used 46598K [0x00000000d6e00000, 0x0000000100000000, 0x0000000100000000)
  eden space 543744K, 0% used [0x00000000d6e00000,0x00000000d6e00000,0x00000000f8100000)
  from space 47104K, 98% used [0x00000000f8100000,0x00000000fae81a90,0x00000000faf00000)
  to   space 69632K, 0% used [0x00000000fbc00000,0x00000000fbc00000,0x0000000100000000)
 ParOldGen       total 136704K, used 80342K [0x0000000084a00000, 0x000000008cf80000, 0x00000000d6e00000)
  object space 136704K, 58% used [0x0000000084a00000,0x0000000089875900,0x000000008cf80000)
 Metaspace       used 20647K, capacity 20910K, committed 21120K, reserved 1067008K
  class space    used 3310K, capacity 3409K, committed 3456K, reserved 1048576K
}

Deoptimization events (10 events):
Event: 18.507 Thread 0x000001ca5d97f000 Uncommon trap: reason=class_check action=maybe_recompile pc=0x000001ca44727edc method=org.openqa.selenium.json.Input.init()V @ 18
Event: 18.507 Thread 0x000001ca5d97f000 Uncommon trap: reason=class_check action=maybe_recompile pc=0x000001ca44727edc method=org.openqa.selenium.json.Input.init()V @ 18
Event: 18.507 Thread 0x000001ca5d97f000 Uncommon trap: reason=class_check action=maybe_recompile pc=0x000001ca44721bc4 method=org.openqa.selenium.json.Input.init()V @ 18
Event: 18.531 Thread 0x000001ca5d97f000 Uncommon trap: reason=unstable_if action=reinterpret pc=0x000001ca445efd10 method=java.lang.ProcessEnvironment$NameComparator.compare(Ljava/lang/String;Ljava/lang/String;)I @ 49
Event: 18.531 Thread 0x000001ca5d97f000 Uncommon trap: reason=unstable_if action=reinterpret pc=0x000001ca447bc578 method=java.lang.ProcessEnvironment$NameComparator.compare(Ljava/lang/String;Ljava/lang/String;)I @ 49
Event: 18.566 Thread 0x000001ca5d97f000 Uncommon trap: reason=unstable_if action=reinterpret pc=0x000001ca4455c65c method=java.lang.ProcessEnvironment$NameComparator.compare(Ljava/lang/String;Ljava/lang/String;)I @ 49
Event: 18.566 Thread 0x000001ca5d97f000 Uncommon trap: reason=unstable_if action=reinterpret pc=0x000001ca4456285c method=java.lang.ProcessEnvironment$NameComparator.compare(Ljava/lang/String;Ljava/lang/String;)I @ 49
Event: 18.710 Thread 0x000001ca5d97f000 Uncommon trap: reason=unstable_if action=reinterpret pc=0x000001ca44295224 method=java.io.WinNTFileSystem.prefixLength(Ljava/lang/String;)I @ 42
Event: 18.772 Thread 0x000001ca5f3e9800 Uncommon trap: reason=unstable_if action=reinterpret pc=0x000001ca4447736c method=java.lang.Thread.getContextClassLoader()Ljava/lang/ClassLoader; @ 4
Event: 18.788 Thread 0x000001ca5d97f000 Uncommon trap: reason=unstable_if action=reinterpret pc=0x000001ca445cb08c method=java.util.WeakHashMap.put(Ljava/lang/Object;Ljava/lang/Object;)Ljava/lang/Object; @ 148

Classes redefined (0 events):
No events

Internal exceptions (10 events):
Event: 11.400 Thread 0x000001ca5d97f000 Exception <a 'java/lang/ArrayIndexOutOfBoundsException'> (0x00000000d980dd60) thrown at [C:\jenkins\workspace\8-2-build-windows-amd64-cygwin\jdk8u281\880\hotspot\src\share\vm\runtime\sharedRuntime.cpp, line 609]
Event: 11.400 Thread 0x000001ca5d97f000 Exception <a 'java/lang/ArrayIndexOutOfBoundsException'> (0x00000000d9816520) thrown at [C:\jenkins\workspace\8-2-build-windows-amd64-cygwin\jdk8u281\880\hotspot\src\share\vm\runtime\sharedRuntime.cpp, line 609]
Event: 11.400 Thread 0x000001ca5d97f000 Exception <a 'java/lang/ArrayIndexOutOfBoundsException'> (0x00000000d981e3a0) thrown at [C:\jenkins\workspace\8-2-build-windows-amd64-cygwin\jdk8u281\880\hotspot\src\share\vm\runtime\sharedRuntime.cpp, line 609]
Event: 11.431 Thread 0x000001ca5d97f000 Exception <a 'java/lang/NoSuchMethodError': java.lang.Object.lambda$chars$0()Ljava/util/Spliterator$OfInt;> (0x00000000d9a78f10) thrown at [C:\jenkins\workspace\8-2-build-windows-amd64-cygwin\jdk8u281\880\hotspot\src\share\vm\interpreter\linkResolver.cpp,
Event: 18.512 Thread 0x000001ca5d97f000 Exception <a 'java/lang/NoSuchMethodError': java.lang.Object.lambda$getResponseFunction$0(Lorg/openqa/selenium/remote/InitialHandshakeResponse;)Lorg/openqa/selenium/remote/ProtocolHandshake$Result;> (0x00000000da4deb98) thrown at [C:\jenkins\workspace\8-2
Event: 18.526 Thread 0x000001ca5d97f000 Exception <a 'java/lang/NoSuchMethodError': java.lang.Object.lambda$comparingInt$7b0bb60$1(Ljava/util/function/ToIntFunction;Ljava/lang/Object;Ljava/lang/Object;)I> (0x00000000dba61800) thrown at [C:\jenkins\workspace\8-2-build-windows-amd64-cygwin\jdk8u2
Event: 18.562 Thread 0x000001ca5d97f000 Exception <a 'java/lang/reflect/InvocationTargetException'> (0x00000000dba886c0) thrown at [C:\jenkins\workspace\8-2-build-windows-amd64-cygwin\jdk8u281\880\hotspot\src\share\vm\runtime\reflection.cpp, line 1092]
Event: 18.564 Thread 0x000001ca5d97f000 Exception <a 'java/lang/reflect/InvocationTargetException'> (0x00000000dba95208) thrown at [C:\jenkins\workspace\8-2-build-windows-amd64-cygwin\jdk8u281\880\hotspot\src\share\vm\runtime\reflection.cpp, line 1092]
Event: 18.611 Thread 0x000001ca5d97f000 Exception <a 'java/io/FileNotFoundException'> (0x00000000dbac13a0) thrown at [C:\jenkins\workspace\8-2-build-windows-amd64-cygwin\jdk8u281\880\hotspot\src\share\vm\prims\jni.cpp, line 710]
Event: 18.710 Thread 0x000001ca5d97f000 Exception <a 'java/io/FileNotFoundException'> (0x00000000dbae63e0) thrown at [C:\jenkins\workspace\8-2-build-windows-amd64-cygwin\jdk8u281\880\hotspot\src\share\vm\prims\jni.cpp, line 710]

Events (10 events):
Event: 19.008 loading class com/sun/imageio/plugins/png/RowFilter done
Event: 19.008 loading class javax/imageio/IIOImage
Event: 19.009 loading class javax/imageio/IIOImage done
Event: 19.009 loading class com/sun/imageio/plugins/png/PNGMetadata
Event: 19.010 loading class com/sun/imageio/plugins/png/PNGMetadata done
Event: 19.013 loading class com/sun/imageio/plugins/png/ChunkStream
Event: 19.014 loading class com/sun/imageio/plugins/png/ChunkStream done
Event: 19.014 loading class com/sun/imageio/plugins/png/CRC
Event: 19.014 loading class com/sun/imageio/plugins/png/CRC done
Event: 19.016 loading class com/sun/imageio/plugins/png/IDATOutputStream


Dynamic libraries:
0x00007ff61d940000 - 0x00007ff61d987000 	C:\Program Files\Java\jdk1.8.0_281\jre\bin\java.exe
0x00007ff942770000 - 0x00007ff942965000 	C:\WINDOWS\SYSTEM32\ntdll.dll
0x00007ff940bc0000 - 0x00007ff940c7d000 	C:\WINDOWS\System32\KERNEL32.DLL
0x00007ff9400c0000 - 0x00007ff940388000 	C:\WINDOWS\System32\KERNELBASE.dll
0x00007ff941e50000 - 0x00007ff941efc000 	C:\WINDOWS\System32\ADVAPI32.dll
0x00007ff940d80000 - 0x00007ff940e1e000 	C:\WINDOWS\System32\msvcrt.dll
0x00007ff942330000 - 0x00007ff9423cb000 	C:\WINDOWS\System32\sechost.dll
0x00007ff9408e0000 - 0x00007ff940a0b000 	C:\WINDOWS\System32\RPCRT4.dll
0x00007ff9420e0000 - 0x00007ff942280000 	C:\WINDOWS\System32\USER32.dll
0x00007ff940540000 - 0x00007ff940562000 	C:\WINDOWS\System32\win32u.dll
0x00007ff940b90000 - 0x00007ff940bba000 	C:\WINDOWS\System32\GDI32.dll
0x00007ff940610000 - 0x00007ff94071b000 	C:\WINDOWS\System32\gdi32full.dll
0x00007ff940570000 - 0x00007ff94060d000 	C:\WINDOWS\System32\msvcp_win.dll
0x00007ff940390000 - 0x00007ff940490000 	C:\WINDOWS\System32\ucrtbase.dll
0x00007ff92a220000 - 0x00007ff92a4ba000 	C:\WINDOWS\WinSxS\amd64_microsoft.windows.common-controls_6595b64144ccf1df_6.0.19041.844_none_ca00b6081b84eb1d\COMCTL32.dll
0x00007ff940c80000 - 0x00007ff940cb0000 	C:\WINDOWS\System32\IMM32.DLL
0x00007ff939d10000 - 0x00007ff939d25000 	C:\Program Files\Java\jdk1.8.0_281\jre\bin\vcruntime140.dll
0x00007ff9019f0000 - 0x00007ff901a8b000 	C:\Program Files\Java\jdk1.8.0_281\jre\bin\msvcp140.dll
0x0000000063650000 - 0x0000000063eaf000 	C:\Program Files\Java\jdk1.8.0_281\jre\bin\server\jvm.dll
0x00007ff940b00000 - 0x00007ff940b08000 	C:\WINDOWS\System32\PSAPI.DLL
0x00007ff934180000 - 0x00007ff93418a000 	C:\WINDOWS\SYSTEM32\VERSION.dll
0x00007ff9353c0000 - 0x00007ff9353e7000 	C:\WINDOWS\SYSTEM32\WINMM.dll
0x00007ff93b220000 - 0x00007ff93b229000 	C:\WINDOWS\SYSTEM32\WSOCK32.dll
0x00007ff940e20000 - 0x00007ff940e8b000 	C:\WINDOWS\System32\WS2_32.dll
0x00007ff93e740000 - 0x00007ff93e752000 	C:\WINDOWS\SYSTEM32\kernel.appcore.dll
0x00007ff93b470000 - 0x00007ff93b480000 	C:\Program Files\Java\jdk1.8.0_281\jre\bin\verify.dll
0x00007ff921460000 - 0x00007ff92148b000 	C:\Program Files\Java\jdk1.8.0_281\jre\bin\java.dll
0x00007ff924280000 - 0x00007ff924298000 	C:\Program Files\Java\jdk1.8.0_281\jre\bin\zip.dll
0x00007ff9414e0000 - 0x00007ff941c22000 	C:\WINDOWS\System32\SHELL32.dll
0x00007ff93de90000 - 0x00007ff93e620000 	C:\WINDOWS\SYSTEM32\windows.storage.dll
0x00007ff9423d0000 - 0x00007ff942725000 	C:\WINDOWS\System32\combase.dll
0x00007ff93f850000 - 0x00007ff93f87c000 	C:\WINDOWS\SYSTEM32\Wldp.dll
0x00007ff9407d0000 - 0x00007ff94087e000 	C:\WINDOWS\System32\SHCORE.dll
0x00007ff941f60000 - 0x00007ff941fb5000 	C:\WINDOWS\System32\shlwapi.dll
0x00007ff93fdf0000 - 0x00007ff93fe0f000 	C:\WINDOWS\SYSTEM32\profapi.dll
0x00007ff9213d0000 - 0x00007ff9213ec000 	C:\Program Files\Java\jdk1.8.0_281\jre\bin\net.dll
0x00007ff93f630000 - 0x00007ff93f69a000 	C:\WINDOWS\system32\mswsock.dll
0x00007ff91e160000 - 0x00007ff91e184000 	C:\Program Files\Java\jdk1.8.0_281\jre\bin\sunec.dll
0x00007ff93b280000 - 0x00007ff93b28d000 	C:\Program Files\Java\jdk1.8.0_281\jre\bin\sunmscapi.dll
0x00007ff93ff00000 - 0x00007ff94005f000 	C:\WINDOWS\System32\CRYPT32.dll
0x00007ff93f990000 - 0x00007ff93f9b7000 	C:\WINDOWS\SYSTEM32\ncrypt.dll
0x00007ff93f950000 - 0x00007ff93f98b000 	C:\WINDOWS\SYSTEM32\NTASN1.dll
0x00007ff93f2f0000 - 0x00007ff93f32b000 	C:\WINDOWS\SYSTEM32\IPHLPAPI.DLL
0x00007ff940a10000 - 0x00007ff940a18000 	C:\WINDOWS\System32\NSI.dll
0x00007ff9395f0000 - 0x00007ff939607000 	C:\WINDOWS\SYSTEM32\dhcpcsvc6.DLL
0x00007ff9395d0000 - 0x00007ff9395ed000 	C:\WINDOWS\SYSTEM32\dhcpcsvc.DLL
0x00007ff93f330000 - 0x00007ff93f3fc000 	C:\WINDOWS\SYSTEM32\DNSAPI.dll
0x00007ff9213b0000 - 0x00007ff9213c3000 	C:\Program Files\Java\jdk1.8.0_281\jre\bin\nio.dll
0x00007ff93f890000 - 0x00007ff93f8a8000 	C:\WINDOWS\SYSTEM32\CRYPTSP.dll
0x00007ff93ef80000 - 0x00007ff93efb4000 	C:\WINDOWS\system32\rsaenh.dll
0x00007ff940510000 - 0x00007ff940537000 	C:\WINDOWS\System32\bcrypt.dll
0x00007ff93fdb0000 - 0x00007ff93fdde000 	C:\WINDOWS\SYSTEM32\USERENV.dll
0x00007ff940490000 - 0x00007ff940510000 	C:\WINDOWS\System32\bcryptprimitives.dll
0x00007ff93f7b0000 - 0x00007ff93f7bc000 	C:\WINDOWS\SYSTEM32\CRYPTBASE.dll
0x00007ff921350000 - 0x00007ff921367000 	C:\WINDOWS\system32\napinsp.dll
0x00007ff921330000 - 0x00007ff92134b000 	C:\WINDOWS\system32\pnrpnsp.dll
0x00007ff9218e0000 - 0x00007ff9218f5000 	C:\WINDOWS\system32\wshbth.dll
0x00007ff93b140000 - 0x00007ff93b15d000 	C:\WINDOWS\system32\NLAapi.dll
0x00007ff909970000 - 0x00007ff909982000 	C:\WINDOWS\System32\winrnr.dll
0x00007ff937a80000 - 0x00007ff937a8a000 	C:\Windows\System32\rasadhlp.dll
0x00007ff9377b0000 - 0x00007ff93782f000 	C:\WINDOWS\System32\fwpuclnt.dll
0x00007ff8ff3e0000 - 0x00007ff8ff575000 	C:\Program Files\Java\jdk1.8.0_281\jre\bin\awt.dll
0x00007ff940cb0000 - 0x00007ff940d7d000 	C:\WINDOWS\System32\OLEAUT32.dll
0x00007ff93cfb0000 - 0x00007ff93d040000 	C:\WINDOWS\SYSTEM32\apphelp.dll
0x00007ff93d270000 - 0x00007ff93d29f000 	C:\WINDOWS\system32\DWMAPI.DLL
0x00007ff93d140000 - 0x00007ff93d1de000 	C:\WINDOWS\system32\uxtheme.dll
0x00007ff9267e0000 - 0x00007ff926906000 	C:\WINDOWS\system32\opengl32.dll
0x00007ff927bf0000 - 0x00007ff927c1c000 	C:\WINDOWS\SYSTEM32\GLU32.dll
0x00007ff941fc0000 - 0x00007ff9420d5000 	C:\WINDOWS\System32\MSCTF.dll
0x00007ff941300000 - 0x00007ff94142a000 	C:\WINDOWS\System32\ole32.dll
0x00007ff93d9d0000 - 0x00007ff93dbb4000 	C:\WINDOWS\SYSTEM32\dbghelp.dll

VM Arguments:
jvm_args: -Dfile.encoding=UTF-8 
java_command: com.thoughtworks.gauge.GaugeRuntime
java_class_path (initial): C:\Program Files\Java\jdk1.8.0_281\jre\lib\charsets.jar;C:\Program Files\Java\jdk1.8.0_281\jre\lib\deploy.jar;C:\Program Files\Java\jdk1.8.0_281\jre\lib\ext\access-bridge-64.jar;C:\Program Files\Java\jdk1.8.0_281\jre\lib\ext\cldrdata.jar;C:\Program Files\Java\jdk1.8.0_281\jre\lib\ext\dnsns.jar;C:\Program Files\Java\jdk1.8.0_281\jre\lib\ext\jaccess.jar;C:\Program Files\Java\jdk1.8.0_281\jre\lib\ext\jfxrt.jar;C:\Program Files\Java\jdk1.8.0_281\jre\lib\ext\localedata.jar;C:\Program Files\Java\jdk1.8.0_281\jre\lib\ext\nashorn.jar;C:\Program Files\Java\jdk1.8.0_281\jre\lib\ext\sunec.jar;C:\Program Files\Java\jdk1.8.0_281\jre\lib\ext\sunjce_provider.jar;C:\Program Files\Java\jdk1.8.0_281\jre\lib\ext\sunmscapi.jar;C:\Program Files\Java\jdk1.8.0_281\jre\lib\ext\sunpkcs11.jar;C:\Program Files\Java\jdk1.8.0_281\jre\lib\ext\zipfs.jar;C:\Program Files\Java\jdk1.8.0_281\jre\lib\javaws.jar;C:\Program Files\Java\jdk1.8.0_281\jre\lib\jce.jar;C:\Program Files\Java\jdk1.8.0_281\jre\lib\jfr.jar;C:\Program Files\Java\jdk1.8.0_281\jre\lib\jfxswt.jar;C:\Program Files\Java\jdk1.8.0_281\jre\lib\jsse.jar;C:\Program Files\Java\jdk1.8.0_281\jre\lib\management-agent.jar;C:\Program Files\Java\jdk1.8.0_281\jre\lib\plugin.jar;C:\Program Files\Java\jdk1.8.0_281\jre\lib\resources.jar;C:\Program Files\Java\jdk1.8.0_281\jre\lib\rt.jar;C:\Users\testinium\IdeaProjects\THY\target\test-classes;C:\Users\testinium\IdeaProjects\THY\target\classes;C:\Users\testinium\.m2\repository\junit\junit\4.12\junit-4.12.jar;C:\Users\testinium\.m2\repository\org\hamcrest\hamcrest-core\1.3\hamcrest-core-1.3.jar;C:\Users\testinium\.m2\repository\com\thoughtworks\gauge\gauge-java\0.7.3\gauge-java-0.7.3.jar;C:\Users\testinium\.m2\repository\org\assertj\assertj-core\3.14.0\assertj-core-3.14.0.jar;C:\Users\testinium\.m2\repository\org\reflections\reflections\0.9.11\reflections-0.9.11.jar;C:\Users\testinium\.m2\repository\org\javassist\javassist\3.21.0-GA\javassist-3.21.0-GA.jar;C:\Users\testinium\.
Launcher Type: SUN_STANDARD

Environment Variables:
JAVA_HOME=C:\Program Files\Java\jdk1.8.0_281
PATH=C:\Program Files (x86)\Common Files\Oracle\Java\javapath;C:\Windows\system32;C:\Windows;C:\Windows\System32\Wbem;C:\Windows\System32\WindowsPowerShell\v1.0\;C:\Windows\System32\OpenSSH\;C:\Program Files\nodejs\;C:\Program Files\Maven\apache-maven-3.8.1\bin;C:\Program Files\Java\jdk1.8.0_281\bin;C:\Program Files\Gauge\bin;C:\WINDOWS\system32;C:\WINDOWS;C:\WINDOWS\System32\Wbem;C:\WINDOWS\System32\WindowsPowerShell\v1.0\;C:\WINDOWS\System32\OpenSSH\;C:\Program Files\Git\cmd;C:\Users\testinium\AppData\Local\Android\Sdk\platform-tools;C:\Users\testinium\AppData\Local\Android\Sdk\tools;C:\Users\testinium\AppData\Local\Android\Sdk\build-tools;C:\Users\testinium\AppData\Local\Microsoft\WindowsApps;C:\Users\testinium\AppData\Roaming\npm;;C:\Users\testinium\AppData\Roaming\gauge\plugins\screenshot\0.0.1
USERNAME=testinium
OS=Windows_NT
PROCESSOR_IDENTIFIER=Intel64 Family 6 Model 140 Stepping 1, GenuineIntel



---------------  S Y S T E M  ---------------

OS: Windows 10.0 , 64 bit Build 19041 (10.0.19041.928)

CPU:total 8 (initial active 8) (4 cores per cpu, 2 threads per core) family 6 model 140 stepping 1, cmov, cx8, fxsr, mmx, sse, sse2, sse3, ssse3, sse4.1, sse4.2, popcnt, avx, avx2, aes, clmul, erms, 3dnowpref, lzcnt, ht, tsc, tscinvbit, bmi1, bmi2, adx

Memory: 4k page, physical 8083572k(365032k free), swap 33249396k(5868k free)

vm_info: Java HotSpot(TM) 64-Bit Server VM (25.281-b09) for windows-amd64 JRE (1.8.0_281-b09), built on Dec  9 2020 13:54:07 by "" with MS VC++ 15.9 (VS2017)

time: Wed Jun  2 01:08:21 2021
timezone: Türkiye Standart Saati
elapsed time: 19.070211 seconds (0d 0h 0m 19s)

