#
# There is insufficient memory for the Java Runtime Environment to continue.
# Native memory allocation (malloc) failed to allocate 1026816 bytes for Chunk::new
# Possible reasons:
#   The system is out of physical RAM or swap space
#   The process is running with CompressedOops enabled, and the Java Heap may be blocking the growth of the native heap
# Possible solutions:
#   Reduce memory load on the system
#   Increase physical memory or swap space
#   Check if swap backing store is full
#   Decrease Java heap size (-Xmx/-Xms)
#   Decrease number of Java threads
#   Decrease Java thread stack sizes (-Xss)
#   Set larger code cache with -XX:ReservedCodeCacheSize=
#   JVM is running with Unscaled Compressed Oops mode in which the Java heap is
#     placed in the first 4GB address space. The Java Heap base address is the
#     maximum limit for the native heap growth. Please use -XX:HeapBaseMinAddress
#     to set the Java Heap base and to place the Java Heap above 4GB virtual address.
# This output file may be truncated or incomplete.
#
#  Out of Memory Error (allocation.cpp:389), pid=8528, tid=0x0000000000002130
#
# JRE version: Java(TM) SE Runtime Environment (8.0_281-b09) (build 1.8.0_281-b09)
# Java VM: Java HotSpot(TM) 64-Bit Server VM (25.281-b09 mixed mode windows-amd64 compressed oops)
# Failed to write core dump. Minidumps are not enabled by default on client versions of Windows
#

---------------  T H R E A D  ---------------

Current thread (0x000001f1ce92f000):  JavaThread "C2 CompilerThread0" daemon [_thread_in_native, id=8496, stack(0x0000000a4f300000,0x0000000a4f400000)]

Stack: [0x0000000a4f300000,0x0000000a4f400000]
Native frames: (J=compiled Java code, j=interpreted, Vv=VM code, C=native code)
V  [jvm.dll+0x32e5b9]
V  [jvm.dll+0x275012]
V  [jvm.dll+0x275cbd]
V  [jvm.dll+0x26c6f5]
V  [jvm.dll+0xd51fc]
V  [jvm.dll+0xd59fc]
V  [jvm.dll+0x4523f2]
V  [jvm.dll+0x48d85d]
V  [jvm.dll+0x4423f1]
V  [jvm.dll+0x43f664]
V  [jvm.dll+0x42a5e7]
V  [jvm.dll+0xabe9b]
V  [jvm.dll+0xaa4fb]
V  [jvm.dll+0x23d6b2]
V  [jvm.dll+0x291cbc]
C  [ucrtbase.dll+0x21bb2]
C  [KERNEL32.DLL+0x17034]
C  [ntdll.dll+0x52651]


Current CompileTask:
C2:  12895 2183       4       java.net.URLClassLoader$1::run (5 bytes)


---------------  P R O C E S S  ---------------

Java Threads: ( => current thread )
  0x000001f1d0dbd800 JavaThread "Forwarding newSession on session null to remote" [_thread_in_vm, id=8408, stack(0x0000000a4f900000,0x0000000a4fa00000)]
  0x000001f1ce98e800 JavaThread "Service Thread" daemon [_thread_blocked, id=8480, stack(0x0000000a4f700000,0x0000000a4f800000)]
  0x000001f1ce947800 JavaThread "C1 CompilerThread3" daemon [_thread_blocked, id=9356, stack(0x0000000a4f600000,0x0000000a4f700000)]
  0x000001f1ce943000 JavaThread "C2 CompilerThread2" daemon [_thread_blocked, id=9128, stack(0x0000000a4f500000,0x0000000a4f600000)]
  0x000001f1ce933800 JavaThread "C2 CompilerThread1" daemon [_thread_blocked, id=10272, stack(0x0000000a4f400000,0x0000000a4f500000)]
=>0x000001f1ce92f000 JavaThread "C2 CompilerThread0" daemon [_thread_in_native, id=8496, stack(0x0000000a4f300000,0x0000000a4f400000)]
  0x000001f1ce92e000 JavaThread "Attach Listener" daemon [_thread_blocked, id=10268, stack(0x0000000a4f200000,0x0000000a4f300000)]
  0x000001f1ce92d800 JavaThread "Signal Dispatcher" daemon [_thread_blocked, id=8608, stack(0x0000000a4f100000,0x0000000a4f200000)]
  0x000001f1ce906800 JavaThread "Finalizer" daemon [_thread_blocked, id=10736, stack(0x0000000a4f000000,0x0000000a4f100000)]
  0x000001f1ce8f7000 JavaThread "Reference Handler" daemon [_thread_blocked, id=10740, stack(0x0000000a4ef00000,0x0000000a4f000000)]
  0x000001f1b890e000 JavaThread "main" [_thread_blocked, id=8908, stack(0x0000000a4e500000,0x0000000a4e600000)]

Other Threads:
  0x000001f1ce8cd800 VMThread [stack: 0x0000000a4ee00000,0x0000000a4ef00000] [id=8344]
  0x000001f1ce96f800 WatcherThread [stack: 0x0000000a4f800000,0x0000000a4f900000] [id=9084]

VM state:not at safepoint (normal execution)

VM Mutex/Monitor currently owned by a thread: None

heap address: 0x0000000084a00000, size: 1974 MB, Compressed Oops mode: 32-bit
Narrow klass base: 0x0000000000000000, Narrow klass shift: 3
Compressed class space size: 1073741824 Address: 0x0000000100000000

Heap:
 PSYoungGen      total 418816K, used 236969K [0x00000000d6e00000, 0x00000000f2700000, 0x0000000100000000)
  eden space 386560K, 55% used [0x00000000d6e00000,0x00000000e40b74d8,0x00000000ee780000)
  from space 32256K, 65% used [0x00000000ee780000,0x00000000efc33110,0x00000000f0700000)
  to   space 31744K, 0% used [0x00000000f0700000,0x00000000f0700000,0x00000000f2600000)
 ParOldGen       total 118784K, used 40126K [0x0000000084a00000, 0x000000008be00000, 0x00000000d6e00000)
  object space 118784K, 33% used [0x0000000084a00000,0x000000008712f8e8,0x000000008be00000)
 Metaspace       used 26527K, capacity 27096K, committed 27264K, reserved 1073152K
  class space    used 4050K, capacity 4186K, committed 4224K, reserved 1048576K

Card table byte_map: [0x000001f1c9650000,0x000001f1c9a30000] byte_map_base: 0x000001f1c922b000

Marking Bits: (ParMarkBitMap*) 0x0000000063e36ff0
 Begin Bits: [0x000001f1c9cd0000, 0x000001f1cbba8000)
 End Bits:   [0x000001f1cbba8000, 0x000001f1cda80000)

Polling page: 0x000001f1b8c40000

CodeCache: size=245760Kb used=7131Kb max_used=7267Kb free=238628Kb
 bounds [0x000001f1ba290000, 0x000001f1ba9c0000, 0x000001f1c9290000]
 total_blobs=2292 nmethods=1925 adapters=279
 compilation: enabled

Compilation events (10 events):
Event: 12.870 Thread 0x000001f1ce947800 2293       3       java.lang.invoke.MethodHandles$Lookup::in (125 bytes)
Event: 12.871 Thread 0x000001f1ce947800 nmethod 2293 0x000001f1ba790f90 code [0x000001f1ba7911c0, 0x000001f1ba791e40]
Event: 12.871 Thread 0x000001f1ce947800 2295       3       java.lang.invoke.DirectMethodHandle::make (242 bytes)
Event: 12.872 Thread 0x000001f1ce943000 2299       4       jdk.internal.org.objectweb.asm.ClassWriter::newUTF8 (70 bytes)
Event: 12.873 Thread 0x000001f1ce947800 nmethod 2295 0x000001f1ba795210 code [0x000001f1ba795560, 0x000001f1ba796e90]
Event: 12.873 Thread 0x000001f1ce947800 2298       3       jdk.internal.org.objectweb.asm.Frame::pop (43 bytes)
Event: 12.873 Thread 0x000001f1ce947800 nmethod 2298 0x000001f1ba790b10 code [0x000001f1ba790c80, 0x000001f1ba790e78]
Event: 12.873 Thread 0x000001f1ce947800 2300       3       java.lang.invoke.InvokerBytecodeGenerator::emitLoadInsn (21 bytes)
Event: 12.873 Thread 0x000001f1ce947800 nmethod 2300 0x000001f1ba7905d0 code [0x000001f1ba790740, 0x000001f1ba7909e0]
Event: 12.873 Thread 0x000001f1ce947800 2301       3       java.lang.invoke.InvokerBytecodeGenerator::loadInsnOpcode (86 bytes)

GC Heap History (10 events):
Event: 7.313 GC heap before
{Heap before GC invocations=13 (full 0):
 PSYoungGen      total 418304K, used 418273K [0x00000000d6e00000, 0x00000000f2700000, 0x0000000100000000)
  eden space 386560K, 100% used [0x00000000d6e00000,0x00000000ee780000,0x00000000ee780000)
  from space 31744K, 99% used [0x00000000f0700000,0x00000000f25f8468,0x00000000f2600000)
  to   space 32256K, 0% used [0x00000000ee780000,0x00000000ee780000,0x00000000f0700000)
 ParOldGen       total 84992K, used 57988K [0x0000000084a00000, 0x0000000089d00000, 0x00000000d6e00000)
  object space 84992K, 68% used [0x0000000084a00000,0x00000000882a1028,0x0000000089d00000)
 Metaspace       used 20628K, capacity 20910K, committed 21120K, reserved 1067008K
  class space    used 3310K, capacity 3409K, committed 3456K, reserved 1048576K
Event: 7.376 GC heap after
Heap after GC invocations=13 (full 0):
 PSYoungGen      total 418816K, used 32227K [0x00000000d6e00000, 0x00000000f2700000, 0x0000000100000000)
  eden space 386560K, 0% used [0x00000000d6e00000,0x00000000d6e00000,0x00000000ee780000)
  from space 32256K, 99% used [0x00000000ee780000,0x00000000f06f8cb0,0x00000000f0700000)
  to   space 31744K, 0% used [0x00000000f0700000,0x00000000f0700000,0x00000000f2600000)
 ParOldGen       total 84992K, used 63620K [0x0000000084a00000, 0x0000000089d00000, 0x00000000d6e00000)
  object space 84992K, 74% used [0x0000000084a00000,0x0000000088821148,0x0000000089d00000)
 Metaspace       used 20628K, capacity 20910K, committed 21120K, reserved 1067008K
  class space    used 3310K, capacity 3409K, committed 3456K, reserved 1048576K
}
Event: 8.568 GC heap before
{Heap before GC invocations=14 (full 0):
 PSYoungGen      total 418816K, used 418787K [0x00000000d6e00000, 0x00000000f2700000, 0x0000000100000000)
  eden space 386560K, 100% used [0x00000000d6e00000,0x00000000ee780000,0x00000000ee780000)
  from space 32256K, 99% used [0x00000000ee780000,0x00000000f06f8cb0,0x00000000f0700000)
  to   space 31744K, 0% used [0x00000000f0700000,0x00000000f0700000,0x00000000f2600000)
 ParOldGen       total 84992K, used 63620K [0x0000000084a00000, 0x0000000089d00000, 0x00000000d6e00000)
  object space 84992K, 74% used [0x0000000084a00000,0x0000000088821148,0x0000000089d00000)
 Metaspace       used 20646K, capacity 20910K, committed 21120K, reserved 1067008K
  class space    used 3310K, capacity 3409K, committed 3456K, reserved 1048576K
Event: 8.984 GC heap after
Heap after GC invocations=14 (full 0):
 PSYoungGen      total 418304K, used 31737K [0x00000000d6e00000, 0x00000000f2700000, 0x0000000100000000)
  eden space 386560K, 0% used [0x00000000d6e00000,0x00000000d6e00000,0x00000000ee780000)
  from space 31744K, 99% used [0x00000000f0700000,0x00000000f25fe4f8,0x00000000f2600000)
  to   space 32256K, 0% used [0x00000000ee780000,0x00000000ee780000,0x00000000f0700000)
 ParOldGen       total 91136K, used 91116K [0x0000000084a00000, 0x000000008a300000, 0x00000000d6e00000)
  object space 91136K, 99% used [0x0000000084a00000,0x000000008a2fb000,0x000000008a300000)
 Metaspace       used 20646K, capacity 20910K, committed 21120K, reserved 1067008K
  class space    used 3310K, capacity 3409K, committed 3456K, reserved 1048576K
}
Event: 8.984 GC heap before
{Heap before GC invocations=15 (full 1):
 PSYoungGen      total 418304K, used 31737K [0x00000000d6e00000, 0x00000000f2700000, 0x0000000100000000)
  eden space 386560K, 0% used [0x00000000d6e00000,0x00000000d6e00000,0x00000000ee780000)
  from space 31744K, 99% used [0x00000000f0700000,0x00000000f25fe4f8,0x00000000f2600000)
  to   space 32256K, 0% used [0x00000000ee780000,0x00000000ee780000,0x00000000f0700000)
 ParOldGen       total 91136K, used 91116K [0x0000000084a00000, 0x000000008a300000, 0x00000000d6e00000)
  object space 91136K, 99% used [0x0000000084a00000,0x000000008a2fb000,0x000000008a300000)
 Metaspace       used 20646K, capacity 20910K, committed 21120K, reserved 1067008K
  class space    used 3310K, capacity 3409K, committed 3456K, reserved 1048576K
Event: 9.234 GC heap after
Heap after GC invocations=15 (full 1):
 PSYoungGen      total 418304K, used 0K [0x00000000d6e00000, 0x00000000f2700000, 0x0000000100000000)
  eden space 386560K, 0% used [0x00000000d6e00000,0x00000000d6e00000,0x00000000ee780000)
  from space 31744K, 0% used [0x00000000f0700000,0x00000000f0700000,0x00000000f2600000)
  to   space 32256K, 0% used [0x00000000ee780000,0x00000000ee780000,0x00000000f0700000)
 ParOldGen       total 91136K, used 73134K [0x0000000084a00000, 0x000000008a300000, 0x00000000d6e00000)
  object space 91136K, 80% used [0x0000000084a00000,0x000000008916bbc8,0x000000008a300000)
 Metaspace       used 20646K, capacity 20910K, committed 21120K, reserved 1067008K
  class space    used 3310K, capacity 3409K, committed 3456K, reserved 1048576K
}
Event: 10.316 GC heap before
{Heap before GC invocations=16 (full 2):
 PSYoungGen      total 418304K, used 386560K [0x00000000d6e00000, 0x00000000f2700000, 0x0000000100000000)
  eden space 386560K, 100% used [0x00000000d6e00000,0x00000000ee780000,0x00000000ee780000)
  from space 31744K, 0% used [0x00000000f0700000,0x00000000f0700000,0x00000000f2600000)
  to   space 32256K, 0% used [0x00000000ee780000,0x00000000ee780000,0x00000000f0700000)
 ParOldGen       total 91136K, used 73134K [0x0000000084a00000, 0x000000008a300000, 0x00000000d6e00000)
  object space 91136K, 80% used [0x0000000084a00000,0x000000008916bbc8,0x000000008a300000)
 Metaspace       used 20646K, capacity 20910K, committed 21120K, reserved 1067008K
  class space    used 3310K, capacity 3409K, committed 3456K, reserved 1048576K
Event: 10.429 GC heap after
Heap after GC invocations=16 (full 2):
 PSYoungGen      total 418304K, used 0K [0x00000000d6e00000, 0x00000000f2700000, 0x0000000100000000)
  eden space 386560K, 0% used [0x00000000d6e00000,0x00000000d6e00000,0x00000000ee780000)
  from space 31744K, 0% used [0x00000000f0700000,0x00000000f0700000,0x00000000f2600000)
  to   space 32256K, 0% used [0x00000000ee780000,0x00000000ee780000,0x00000000f0700000)
 ParOldGen       total 118784K, used 40126K [0x0000000084a00000, 0x000000008be00000, 0x00000000d6e00000)
  object space 118784K, 33% used [0x0000000084a00000,0x000000008712f8e8,0x000000008be00000)
 Metaspace       used 20646K, capacity 20910K, committed 21120K, reserved 1067008K
  class space    used 3310K, capacity 3409K, committed 3456K, reserved 1048576K
}
Event: 10.912 GC heap before
{Heap before GC invocations=17 (full 2):
 PSYoungGen      total 418304K, used 386560K [0x00000000d6e00000, 0x00000000f2700000, 0x0000000100000000)
  eden space 386560K, 100% used [0x00000000d6e00000,0x00000000ee780000,0x00000000ee780000)
  from space 31744K, 0% used [0x00000000f0700000,0x00000000f0700000,0x00000000f2600000)
  to   space 32256K, 0% used [0x00000000ee780000,0x00000000ee780000,0x00000000f0700000)
 ParOldGen       total 118784K, used 40126K [0x0000000084a00000, 0x000000008be00000, 0x00000000d6e00000)
  object space 118784K, 33% used [0x0000000084a00000,0x000000008712f8e8,0x000000008be00000)
 Metaspace       used 20646K, capacity 20910K, committed 21120K, reserved 1067008K
  class space    used 3310K, capacity 3409K, committed 3456K, reserved 1048576K
Event: 10.947 GC heap after
Heap after GC invocations=17 (full 2):
 PSYoungGen      total 418816K, used 21196K [0x00000000d6e00000, 0x00000000f2700000, 0x0000000100000000)
  eden space 386560K, 0% used [0x00000000d6e00000,0x00000000d6e00000,0x00000000ee780000)
  from space 32256K, 65% used [0x00000000ee780000,0x00000000efc33110,0x00000000f0700000)
  to   space 31744K, 0% used [0x00000000f0700000,0x00000000f0700000,0x00000000f2600000)
 ParOldGen       total 118784K, used 40126K [0x0000000084a00000, 0x000000008be00000, 0x00000000d6e00000)
  object space 118784K, 33% used [0x0000000084a00000,0x000000008712f8e8,0x000000008be00000)
 Metaspace       used 20646K, capacity 20910K, committed 21120K, reserved 1067008K
  class space    used 3310K, capacity 3409K, committed 3456K, reserved 1048576K
}

Deoptimization events (10 events):
Event: 12.295 Thread 0x000001f1d0dbd800 Uncommon trap: reason=bimorphic action=maybe_recompile pc=0x000001f1ba5f731c method=java.util.regex.Matcher.match(II)Z @ 86
Event: 12.295 Thread 0x000001f1d0dbd800 Uncommon trap: reason=bimorphic action=maybe_recompile pc=0x000001f1ba61ee4c method=java.util.regex.Pattern$Slice.match(Ljava/util/regex/Matcher;ILjava/lang/CharSequence;)Z @ 75
Event: 12.300 Thread 0x000001f1d0dbd800 Uncommon trap: reason=unstable_if action=reinterpret pc=0x000001f1ba7aba80 method=java.lang.String.toUpperCase(Ljava/util/Locale;)Ljava/lang/String; @ 130
Event: 12.350 Thread 0x000001f1d0dbd800 Uncommon trap: reason=unstable_if action=reinterpret pc=0x000001f1ba621310 method=java.util.ArrayList.isEmpty()Z @ 4
Event: 12.717 Thread 0x000001f1d0dbd800 Uncommon trap: reason=unstable_if action=reinterpret pc=0x000001f1ba5bb1a0 method=java.util.ArrayList.indexOf(Ljava/lang/Object;)I @ 1
Event: 12.717 Thread 0x000001f1d0dbd800 Uncommon trap: reason=unstable_if action=reinterpret pc=0x000001f1ba5b9720 method=java.util.ArrayList.indexOf(Ljava/lang/Object;)I @ 1
Event: 12.757 Thread 0x000001f1d0dbd800 Uncommon trap: reason=uninitialized action=reinterpret pc=0x000001f1ba6d7980 method=java.util.regex.Pattern.sequence(Ljava/util/regex/Pattern$Node;)Ljava/util/regex/Pattern$Node; @ 316
Event: 12.789 Thread 0x000001f1d0dbd800 Uncommon trap: reason=class_check action=maybe_recompile pc=0x000001f1ba545d58 method=java.util.regex.Pattern$Curly.match0(Ljava/util/regex/Matcher;IILjava/lang/CharSequence;)Z @ 77
Event: 12.789 Thread 0x000001f1d0dbd800 Uncommon trap: reason=class_check action=maybe_recompile pc=0x000001f1ba545d58 method=java.util.regex.Pattern$Curly.match0(Ljava/util/regex/Matcher;IILjava/lang/CharSequence;)Z @ 77
Event: 12.830 Thread 0x000001f1d0dbd800 Uncommon trap: reason=unstable_if action=reinterpret pc=0x000001f1ba43b040 method=java.nio.charset.CharsetEncoder.encode(Ljava/nio/CharBuffer;Ljava/nio/ByteBuffer;Z)Ljava/nio/charset/CoderResult; @ 1

Classes redefined (0 events):
No events

Internal exceptions (10 events):
Event: 12.717 Thread 0x000001f1d0dbd800 Implicit null exception at 0x000001f1ba5b9156 to 0x000001f1ba5b970a
Event: 12.755 Thread 0x000001f1d0dbd800 Exception <a 'java/lang/IncompatibleClassChangeError': Found class java.lang.Object, but interface was expected> (0x00000000e3629d58) thrown at [C:\jenkins\workspace\8-2-build-windows-amd64-cygwin\jdk8u281\880\hotspot\src\share\vm\interpreter\linkResolver
Event: 12.758 Thread 0x000001f1d0dbd800 Exception <a 'java/lang/NoSuchMethodError': java.lang.Object.lambda$or$2(Ljava/util/function/Predicate;Ljava/lang/Object;)Z> (0x00000000e3632a08) thrown at [C:\jenkins\workspace\8-2-build-windows-amd64-cygwin\jdk8u281\880\hotspot\src\share\vm\interpreter\
Event: 12.767 Thread 0x000001f1d0dbd800 Exception <a 'java/lang/ArrayIndexOutOfBoundsException'> (0x00000000e3699398) thrown at [C:\jenkins\workspace\8-2-build-windows-amd64-cygwin\jdk8u281\880\hotspot\src\share\vm\runtime\sharedRuntime.cpp, line 609]
Event: 12.767 Thread 0x000001f1d0dbd800 Exception <a 'java/lang/ArrayIndexOutOfBoundsException'> (0x00000000e369a818) thrown at [C:\jenkins\workspace\8-2-build-windows-amd64-cygwin\jdk8u281\880\hotspot\src\share\vm\runtime\sharedRuntime.cpp, line 609]
Event: 12.768 Thread 0x000001f1d0dbd800 Exception <a 'java/lang/ArrayIndexOutOfBoundsException'> (0x00000000e369b948) thrown at [C:\jenkins\workspace\8-2-build-windows-amd64-cygwin\jdk8u281\880\hotspot\src\share\vm\runtime\sharedRuntime.cpp, line 609]
Event: 12.768 Thread 0x000001f1d0dbd800 Exception <a 'java/lang/ArrayIndexOutOfBoundsException'> (0x00000000e369cbc0) thrown at [C:\jenkins\workspace\8-2-build-windows-amd64-cygwin\jdk8u281\880\hotspot\src\share\vm\runtime\sharedRuntime.cpp, line 609]
Event: 12.768 Thread 0x000001f1d0dbd800 Exception <a 'java/lang/ArrayIndexOutOfBoundsException'> (0x00000000e36a5380) thrown at [C:\jenkins\workspace\8-2-build-windows-amd64-cygwin\jdk8u281\880\hotspot\src\share\vm\runtime\sharedRuntime.cpp, line 609]
Event: 12.769 Thread 0x000001f1d0dbd800 Exception <a 'java/lang/ArrayIndexOutOfBoundsException'> (0x00000000e36ad200) thrown at [C:\jenkins\workspace\8-2-build-windows-amd64-cygwin\jdk8u281\880\hotspot\src\share\vm\runtime\sharedRuntime.cpp, line 609]
Event: 12.818 Thread 0x000001f1d0dbd800 Exception <a 'java/lang/NoSuchMethodError': java.lang.Object.lambda$chars$0()Ljava/util/Spliterator$OfInt;> (0x00000000e3907d10) thrown at [C:\jenkins\workspace\8-2-build-windows-amd64-cygwin\jdk8u281\880\hotspot\src\share\vm\interpreter\linkResolver.cpp,

Events (10 events):
Event: 12.873 loading class com/google/common/collect/ImmutableSet$Builder
Event: 12.873 loading class com/google/common/collect/ImmutableSet$Builder done
Event: 12.873 loading class com/google/common/collect/ImmutableSet$Builder
Event: 12.873 loading class com/google/common/collect/ImmutableSet$Builder done
Event: 12.873 loading class com/google/common/collect/ImmutableSet$Builder
Event: 12.873 loading class com/google/common/collect/ImmutableSet$Builder done
Event: 12.873 loading class com/google/common/collect/ImmutableSet
Event: 12.873 loading class com/google/common/collect/ImmutableSet done
Event: 12.873 loading class com/google/common/collect/ImmutableSet$Builder
Event: 12.873 loading class com/google/common/collect/ImmutableSet$Builder done


Dynamic libraries:
0x00007ff6f3a00000 - 0x00007ff6f3a47000 	C:\Program Files\Java\jdk1.8.0_281\jre\bin\java.exe
0x00007ff942770000 - 0x00007ff942965000 	C:\WINDOWS\SYSTEM32\ntdll.dll
0x00007ff940bc0000 - 0x00007ff940c7d000 	C:\WINDOWS\System32\KERNEL32.DLL
0x00007ff9400c0000 - 0x00007ff940388000 	C:\WINDOWS\System32\KERNELBASE.dll
0x00007ff941e50000 - 0x00007ff941efc000 	C:\WINDOWS\System32\ADVAPI32.dll
0x00007ff940d80000 - 0x00007ff940e1e000 	C:\WINDOWS\System32\msvcrt.dll
0x00007ff942330000 - 0x00007ff9423cb000 	C:\WINDOWS\System32\sechost.dll
0x00007ff9408e0000 - 0x00007ff940a0b000 	C:\WINDOWS\System32\RPCRT4.dll
0x00007ff9420e0000 - 0x00007ff942280000 	C:\WINDOWS\System32\USER32.dll
0x00007ff940540000 - 0x00007ff940562000 	C:\WINDOWS\System32\win32u.dll
0x00007ff940b90000 - 0x00007ff940bba000 	C:\WINDOWS\System32\GDI32.dll
0x00007ff940610000 - 0x00007ff94071b000 	C:\WINDOWS\System32\gdi32full.dll
0x00007ff940570000 - 0x00007ff94060d000 	C:\WINDOWS\System32\msvcp_win.dll
0x00007ff940390000 - 0x00007ff940490000 	C:\WINDOWS\System32\ucrtbase.dll
0x00007ff92a220000 - 0x00007ff92a4ba000 	C:\WINDOWS\WinSxS\amd64_microsoft.windows.common-controls_6595b64144ccf1df_6.0.19041.844_none_ca00b6081b84eb1d\COMCTL32.dll
0x00007ff940c80000 - 0x00007ff940cb0000 	C:\WINDOWS\System32\IMM32.DLL
0x00007ff93c490000 - 0x00007ff93c4a5000 	C:\Program Files\Java\jdk1.8.0_281\jre\bin\vcruntime140.dll
0x00007ff937d10000 - 0x00007ff937dab000 	C:\Program Files\Java\jdk1.8.0_281\jre\bin\msvcp140.dll
0x0000000063650000 - 0x0000000063eaf000 	C:\Program Files\Java\jdk1.8.0_281\jre\bin\server\jvm.dll
0x00007ff940b00000 - 0x00007ff940b08000 	C:\WINDOWS\System32\PSAPI.DLL
0x00007ff93b220000 - 0x00007ff93b229000 	C:\WINDOWS\SYSTEM32\WSOCK32.dll
0x00007ff9353c0000 - 0x00007ff9353e7000 	C:\WINDOWS\SYSTEM32\WINMM.dll
0x00007ff934180000 - 0x00007ff93418a000 	C:\WINDOWS\SYSTEM32\VERSION.dll
0x00007ff940e20000 - 0x00007ff940e8b000 	C:\WINDOWS\System32\WS2_32.dll
0x00007ff93e740000 - 0x00007ff93e752000 	C:\WINDOWS\SYSTEM32\kernel.appcore.dll
0x00007ff93c480000 - 0x00007ff93c490000 	C:\Program Files\Java\jdk1.8.0_281\jre\bin\verify.dll
0x00007ff93c410000 - 0x00007ff93c43b000 	C:\Program Files\Java\jdk1.8.0_281\jre\bin\java.dll
0x00007ff93c460000 - 0x00007ff93c478000 	C:\Program Files\Java\jdk1.8.0_281\jre\bin\zip.dll
0x00007ff9414e0000 - 0x00007ff941c22000 	C:\WINDOWS\System32\SHELL32.dll
0x00007ff93de90000 - 0x00007ff93e620000 	C:\WINDOWS\SYSTEM32\windows.storage.dll
0x00007ff9423d0000 - 0x00007ff942725000 	C:\WINDOWS\System32\combase.dll
0x00007ff93f850000 - 0x00007ff93f87c000 	C:\WINDOWS\SYSTEM32\Wldp.dll
0x00007ff9407d0000 - 0x00007ff94087e000 	C:\WINDOWS\System32\SHCORE.dll
0x00007ff941f60000 - 0x00007ff941fb5000 	C:\WINDOWS\System32\shlwapi.dll
0x00007ff93fdf0000 - 0x00007ff93fe0f000 	C:\WINDOWS\SYSTEM32\profapi.dll
0x00007ff93c3f0000 - 0x00007ff93c40c000 	C:\Program Files\Java\jdk1.8.0_281\jre\bin\net.dll
0x00007ff93f630000 - 0x00007ff93f69a000 	C:\WINDOWS\system32\mswsock.dll
0x00007ff9213a0000 - 0x00007ff9213c4000 	C:\Program Files\Java\jdk1.8.0_281\jre\bin\sunec.dll
0x00007ff939d20000 - 0x00007ff939d2d000 	C:\Program Files\Java\jdk1.8.0_281\jre\bin\sunmscapi.dll
0x00007ff93ff00000 - 0x00007ff94005f000 	C:\WINDOWS\System32\CRYPT32.dll
0x00007ff93f990000 - 0x00007ff93f9b7000 	C:\WINDOWS\SYSTEM32\ncrypt.dll
0x00007ff93f950000 - 0x00007ff93f98b000 	C:\WINDOWS\SYSTEM32\NTASN1.dll
0x00007ff93f2f0000 - 0x00007ff93f32b000 	C:\WINDOWS\SYSTEM32\IPHLPAPI.DLL
0x00007ff940a10000 - 0x00007ff940a18000 	C:\WINDOWS\System32\NSI.dll
0x00007ff9395f0000 - 0x00007ff939607000 	C:\WINDOWS\SYSTEM32\dhcpcsvc6.DLL
0x00007ff9395d0000 - 0x00007ff9395ed000 	C:\WINDOWS\SYSTEM32\dhcpcsvc.DLL
0x00007ff93f330000 - 0x00007ff93f3fc000 	C:\WINDOWS\SYSTEM32\DNSAPI.dll
0x00007ff93c3d0000 - 0x00007ff93c3e3000 	C:\Program Files\Java\jdk1.8.0_281\jre\bin\nio.dll
0x00007ff93f890000 - 0x00007ff93f8a8000 	C:\WINDOWS\SYSTEM32\CRYPTSP.dll
0x00007ff93ef80000 - 0x00007ff93efb4000 	C:\WINDOWS\system32\rsaenh.dll
0x00007ff940510000 - 0x00007ff940537000 	C:\WINDOWS\System32\bcrypt.dll
0x00007ff93fdb0000 - 0x00007ff93fdde000 	C:\WINDOWS\SYSTEM32\USERENV.dll
0x00007ff940490000 - 0x00007ff940510000 	C:\WINDOWS\System32\bcryptprimitives.dll
0x00007ff93f7b0000 - 0x00007ff93f7bc000 	C:\WINDOWS\SYSTEM32\CRYPTBASE.dll
0x00007ff93d9d0000 - 0x00007ff93dbb4000 	C:\WINDOWS\SYSTEM32\dbghelp.dll

VM Arguments:
jvm_args: -Dfile.encoding=UTF-8 
java_command: com.thoughtworks.gauge.GaugeRuntime
java_class_path (initial): C:\Program Files\Java\jdk1.8.0_281\jre\lib\charsets.jar;C:\Program Files\Java\jdk1.8.0_281\jre\lib\deploy.jar;C:\Program Files\Java\jdk1.8.0_281\jre\lib\ext\access-bridge-64.jar;C:\Program Files\Java\jdk1.8.0_281\jre\lib\ext\cldrdata.jar;C:\Program Files\Java\jdk1.8.0_281\jre\lib\ext\dnsns.jar;C:\Program Files\Java\jdk1.8.0_281\jre\lib\ext\jaccess.jar;C:\Program Files\Java\jdk1.8.0_281\jre\lib\ext\jfxrt.jar;C:\Program Files\Java\jdk1.8.0_281\jre\lib\ext\localedata.jar;C:\Program Files\Java\jdk1.8.0_281\jre\lib\ext\nashorn.jar;C:\Program Files\Java\jdk1.8.0_281\jre\lib\ext\sunec.jar;C:\Program Files\Java\jdk1.8.0_281\jre\lib\ext\sunjce_provider.jar;C:\Program Files\Java\jdk1.8.0_281\jre\lib\ext\sunmscapi.jar;C:\Program Files\Java\jdk1.8.0_281\jre\lib\ext\sunpkcs11.jar;C:\Program Files\Java\jdk1.8.0_281\jre\lib\ext\zipfs.jar;C:\Program Files\Java\jdk1.8.0_281\jre\lib\javaws.jar;C:\Program Files\Java\jdk1.8.0_281\jre\lib\jce.jar;C:\Program Files\Java\jdk1.8.0_281\jre\lib\jfr.jar;C:\Program Files\Java\jdk1.8.0_281\jre\lib\jfxswt.jar;C:\Program Files\Java\jdk1.8.0_281\jre\lib\jsse.jar;C:\Program Files\Java\jdk1.8.0_281\jre\lib\management-agent.jar;C:\Program Files\Java\jdk1.8.0_281\jre\lib\plugin.jar;C:\Program Files\Java\jdk1.8.0_281\jre\lib\resources.jar;C:\Program Files\Java\jdk1.8.0_281\jre\lib\rt.jar;C:\Users\testinium\IdeaProjects\THY\target\test-classes;C:\Users\testinium\IdeaProjects\THY\target\classes;C:\Users\testinium\.m2\repository\junit\junit\4.12\junit-4.12.jar;C:\Users\testinium\.m2\repository\org\hamcrest\hamcrest-core\1.3\hamcrest-core-1.3.jar;C:\Users\testinium\.m2\repository\com\thoughtworks\gauge\gauge-java\0.7.3\gauge-java-0.7.3.jar;C:\Users\testinium\.m2\repository\org\assertj\assertj-core\3.14.0\assertj-core-3.14.0.jar;C:\Users\testinium\.m2\repository\org\reflections\reflections\0.9.11\reflections-0.9.11.jar;C:\Users\testinium\.m2\repository\org\javassist\javassist\3.21.0-GA\javassist-3.21.0-GA.jar;C:\Users\testinium\.
Launcher Type: SUN_STANDARD

Environment Variables:
JAVA_HOME=C:\Program Files\Java\jdk1.8.0_281
PATH=C:\Program Files (x86)\Common Files\Oracle\Java\javapath;C:\Windows\system32;C:\Windows;C:\Windows\System32\Wbem;C:\Windows\System32\WindowsPowerShell\v1.0\;C:\Windows\System32\OpenSSH\;C:\Program Files\nodejs\;C:\Program Files\Maven\apache-maven-3.8.1\bin;C:\Program Files\Java\jdk1.8.0_281\bin;C:\Program Files\Gauge\bin;C:\WINDOWS\system32;C:\WINDOWS;C:\WINDOWS\System32\Wbem;C:\WINDOWS\System32\WindowsPowerShell\v1.0\;C:\WINDOWS\System32\OpenSSH\;C:\Program Files\Git\cmd;C:\Users\testinium\AppData\Local\Android\Sdk\platform-tools;C:\Users\testinium\AppData\Local\Android\Sdk\tools;C:\Users\testinium\AppData\Local\Android\Sdk\build-tools;C:\Users\testinium\AppData\Local\Microsoft\WindowsApps;C:\Users\testinium\AppData\Roaming\npm;;C:\Users\testinium\AppData\Roaming\gauge\plugins\screenshot\0.0.1
USERNAME=testinium
OS=Windows_NT
PROCESSOR_IDENTIFIER=Intel64 Family 6 Model 140 Stepping 1, GenuineIntel



---------------  S Y S T E M  ---------------

OS: Windows 10.0 , 64 bit Build 19041 (10.0.19041.928)

CPU:total 8 (initial active 8) (4 cores per cpu, 2 threads per core) family 6 model 140 stepping 1, cmov, cx8, fxsr, mmx, sse, sse2, sse3, ssse3, sse4.1, sse4.2, popcnt, avx, avx2, aes, clmul, erms, 3dnowpref, lzcnt, ht, tsc, tscinvbit, bmi1, bmi2, adx

Memory: 4k page, physical 8083572k(447140k free), swap 33249396k(4392k free)

vm_info: Java HotSpot(TM) 64-Bit Server VM (25.281-b09) for windows-amd64 JRE (1.8.0_281-b09), built on Dec  9 2020 13:54:07 by "" with MS VC++ 15.9 (VS2017)

time: Wed Jun  2 01:00:56 2021
timezone: Türkiye Standart Saati
elapsed time: 12.899709 seconds (0d 0h 0m 12s)

