#
# There is insufficient memory for the Java Runtime Environment to continue.
# Native memory allocation (malloc) failed to allocate 65552 bytes for Chunk::new
# Possible reasons:
#   The system is out of physical RAM or swap space
#   The process is running with CompressedOops enabled, and the Java Heap may be blocking the growth of the native heap
# Possible solutions:
#   Reduce memory load on the system
#   Increase physical memory or swap space
#   Check if swap backing store is full
#   Decrease Java heap size (-Xmx/-Xms)
#   Decrease number of Java threads
#   Decrease Java thread stack sizes (-Xss)
#   Set larger code cache with -XX:ReservedCodeCacheSize=
#   JVM is running with Unscaled Compressed Oops mode in which the Java heap is
#     placed in the first 4GB address space. The Java Heap base address is the
#     maximum limit for the native heap growth. Please use -XX:HeapBaseMinAddress
#     to set the Java Heap base and to place the Java Heap above 4GB virtual address.
# This output file may be truncated or incomplete.
#
#  Out of Memory Error (allocation.cpp:389), pid=7064, tid=0x000000000000445c
#
# JRE version: Java(TM) SE Runtime Environment (8.0_281-b09) (build 1.8.0_281-b09)
# Java VM: Java HotSpot(TM) 64-Bit Server VM (25.281-b09 mixed mode windows-amd64 compressed oops)
# Failed to write core dump. Minidumps are not enabled by default on client versions of Windows
#

---------------  T H R E A D  ---------------

Current thread (0x0000021ffb1df800):  JavaThread "C2 CompilerThread2" daemon [_thread_in_native, id=17500, stack(0x000000ee89900000,0x000000ee89a00000)]

Stack: [0x000000ee89900000,0x000000ee89a00000]
Native frames: (J=compiled Java code, j=interpreted, Vv=VM code, C=native code)
V  [jvm.dll+0x32e5b9]


Current CompileTask:
C2:  12915 2087       4       java.util.AbstractCollection::addAll (42 bytes)


---------------  P R O C E S S  ---------------

Java Threads: ( => current thread )
  0x0000021ffeca6800 JavaThread "SeedGenerator Thread" daemon [_thread_new, id=12864, stack(0x0000000000000000,0x0000000000000000)]
  0x0000021ffd63a800 JavaThread "SeedGenerator Thread" daemon [_thread_in_Java, id=4020, stack(0x000000ee89e00000,0x000000ee89f00000)]
  0x0000021ffd4be000 JavaThread "Thread-0" [_thread_in_native, id=5220, stack(0x000000ee89d00000,0x000000ee89e00000)]
  0x0000021ffb20a800 JavaThread "Service Thread" daemon [_thread_blocked, id=11336, stack(0x000000ee89b00000,0x000000ee89c00000)]
  0x0000021ffb1e2000 JavaThread "C1 CompilerThread3" daemon [_thread_blocked, id=17792, stack(0x000000ee89a00000,0x000000ee89b00000)]
=>0x0000021ffb1df800 JavaThread "C2 CompilerThread2" daemon [_thread_in_native, id=17500, stack(0x000000ee89900000,0x000000ee89a00000)]
  0x0000021ffb1de000 JavaThread "C2 CompilerThread1" daemon [_thread_in_native, id=5024, stack(0x000000ee89800000,0x000000ee89900000)]
  0x0000021ffb1da000 JavaThread "C2 CompilerThread0" daemon [_thread_in_native, id=6620, stack(0x000000ee89700000,0x000000ee89800000)]
  0x0000021ffb1d9800 JavaThread "Attach Listener" daemon [_thread_blocked, id=5004, stack(0x000000ee89600000,0x000000ee89700000)]
  0x0000021ffb1d8800 JavaThread "Signal Dispatcher" daemon [_thread_blocked, id=7660, stack(0x000000ee89500000,0x000000ee89600000)]
  0x0000021ffb1af800 JavaThread "Finalizer" daemon [_thread_blocked, id=14000, stack(0x000000ee89400000,0x000000ee89500000)]
  0x0000021ffb1a8800 JavaThread "Reference Handler" daemon [_thread_blocked, id=17684, stack(0x000000ee89300000,0x000000ee89400000)]
  0x0000021fe52fe800 JavaThread "main" [_thread_blocked, id=11860, stack(0x000000ee88900000,0x000000ee88a00000)]

Other Threads:
  0x0000021ffb17f000 VMThread [stack: 0x000000ee89200000,0x000000ee89300000] [id=2912]
  0x0000021ffd15e800 WatcherThread [stack: 0x000000ee89c00000,0x000000ee89d00000] [id=8332]

VM state:not at safepoint (normal execution)

VM Mutex/Monitor currently owned by a thread: None

heap address: 0x0000000084a00000, size: 1974 MB, Compressed Oops mode: 32-bit
Narrow klass base: 0x0000000000000000, Narrow klass shift: 3
Compressed class space size: 1073741824 Address: 0x0000000100000000

Heap:
 PSYoungGen      total 418816K, used 233778K [0x00000000d6e00000, 0x00000000f2700000, 0x0000000100000000)
  eden space 386560K, 55% used [0x00000000d6e00000,0x00000000e3db2910,0x00000000ee780000)
  from space 32256K, 65% used [0x00000000ee780000,0x00000000efc1a0c8,0x00000000f0700000)
  to   space 31744K, 0% used [0x00000000f0700000,0x00000000f0700000,0x00000000f2600000)
 ParOldGen       total 112640K, used 40142K [0x0000000084a00000, 0x000000008b800000, 0x00000000d6e00000)
  object space 112640K, 35% used [0x0000000084a00000,0x0000000087133bc0,0x000000008b800000)
 Metaspace       used 25264K, capacity 25518K, committed 25984K, reserved 1071104K
  class space    used 3838K, capacity 3915K, committed 3968K, reserved 1048576K

Card table byte_map: [0x0000021ff5f00000,0x0000021ff62e0000] byte_map_base: 0x0000021ff5adb000

Marking Bits: (ParMarkBitMap*) 0x0000000063e36ff0
 Begin Bits: [0x0000021ff6580000, 0x0000021ff8458000)
 End Bits:   [0x0000021ff8458000, 0x0000021ffa330000)

Polling page: 0x0000021fe5260000

CodeCache: size=245760Kb used=6388Kb max_used=7198Kb free=239371Kb
 bounds [0x0000021fe6b40000, 0x0000021fe7260000, 0x0000021ff5b40000]
 total_blobs=2077 nmethods=1709 adapters=278
 compilation: enabled

Compilation events (10 events):
Event: 12.895 Thread 0x0000021ffb1df800 2087       4       java.util.AbstractCollection::addAll (42 bytes)
Event: 12.898 Thread 0x0000021ffb1e2000 nmethod 2086 0x0000021fe70ad0d0 code [0x0000021fe70ad8c0, 0x0000021fe70b4050]
Event: 12.898 Thread 0x0000021ffb1e2000 2088       3       sun.security.util.AlgorithmDecomposer::decomposeImpl (129 bytes)
Event: 12.899 Thread 0x0000021ffb1e2000 nmethod 2088 0x0000021fe70ab790 code [0x0000021fe70ab9c0, 0x0000021fe70ac890]
Event: 12.899 Thread 0x0000021ffb1e2000 2089       3       java.util.AbstractList::listIterator (6 bytes)
Event: 12.899 Thread 0x0000021ffb1e2000 nmethod 2089 0x0000021fe6d7ae90 code [0x0000021fe6d7b000, 0x0000021fe6d7b230]
Event: 12.900 Thread 0x0000021ffb1e2000 2090       3       java.util.EnumSet::of (16 bytes)
Event: 12.900 Thread 0x0000021ffb1e2000 nmethod 2090 0x0000021fe6d780d0 code [0x0000021fe6d78260, 0x0000021fe6d78730]
Event: 12.900 Thread 0x0000021ffb1e2000 2091       3       sun.security.ssl.SSLAlgorithmConstraints::permits (96 bytes)
Event: 12.901 Thread 0x0000021ffb1e2000 nmethod 2091 0x0000021fe6eadc10 code [0x0000021fe6eade00, 0x0000021fe6eae600]

GC Heap History (10 events):
Event: 7.871 GC heap before
{Heap before GC invocations=13 (full 0):
 PSYoungGen      total 418304K, used 418286K [0x00000000d6e00000, 0x00000000f2700000, 0x0000000100000000)
  eden space 386560K, 100% used [0x00000000d6e00000,0x00000000ee780000,0x00000000ee780000)
  from space 31744K, 99% used [0x00000000f0700000,0x00000000f25fb818,0x00000000f2600000)
  to   space 32256K, 0% used [0x00000000ee780000,0x00000000ee780000,0x00000000f0700000)
 ParOldGen       total 84992K, used 58124K [0x0000000084a00000, 0x0000000089d00000, 0x00000000d6e00000)
  object space 84992K, 68% used [0x0000000084a00000,0x00000000882c3030,0x0000000089d00000)
 Metaspace       used 20616K, capacity 20910K, committed 21120K, reserved 1067008K
  class space    used 3310K, capacity 3409K, committed 3456K, reserved 1048576K
Event: 8.031 GC heap after
Heap after GC invocations=13 (full 0):
 PSYoungGen      total 418816K, used 32252K [0x00000000d6e00000, 0x00000000f2700000, 0x0000000100000000)
  eden space 386560K, 0% used [0x00000000d6e00000,0x00000000d6e00000,0x00000000ee780000)
  from space 32256K, 99% used [0x00000000ee780000,0x00000000f06ff350,0x00000000f0700000)
  to   space 31744K, 0% used [0x00000000f0700000,0x00000000f0700000,0x00000000f2600000)
 ParOldGen       total 84992K, used 63729K [0x0000000084a00000, 0x0000000089d00000, 0x00000000d6e00000)
  object space 84992K, 74% used [0x0000000084a00000,0x000000008883c6e8,0x0000000089d00000)
 Metaspace       used 20616K, capacity 20910K, committed 21120K, reserved 1067008K
  class space    used 3310K, capacity 3409K, committed 3456K, reserved 1048576K
}
Event: 9.104 GC heap before
{Heap before GC invocations=14 (full 0):
 PSYoungGen      total 418816K, used 418812K [0x00000000d6e00000, 0x00000000f2700000, 0x0000000100000000)
  eden space 386560K, 100% used [0x00000000d6e00000,0x00000000ee780000,0x00000000ee780000)
  from space 32256K, 99% used [0x00000000ee780000,0x00000000f06ff350,0x00000000f0700000)
  to   space 31744K, 0% used [0x00000000f0700000,0x00000000f0700000,0x00000000f2600000)
 ParOldGen       total 84992K, used 63729K [0x0000000084a00000, 0x0000000089d00000, 0x00000000d6e00000)
  object space 84992K, 74% used [0x0000000084a00000,0x000000008883c6e8,0x0000000089d00000)
 Metaspace       used 20632K, capacity 20910K, committed 21120K, reserved 1067008K
  class space    used 3310K, capacity 3409K, committed 3456K, reserved 1048576K
Event: 9.765 GC heap after
Heap after GC invocations=14 (full 0):
 PSYoungGen      total 418304K, used 31740K [0x00000000d6e00000, 0x00000000f2700000, 0x0000000100000000)
  eden space 386560K, 0% used [0x00000000d6e00000,0x00000000d6e00000,0x00000000ee780000)
  from space 31744K, 99% used [0x00000000f0700000,0x00000000f25ff208,0x00000000f2600000)
  to   space 32256K, 0% used [0x00000000ee780000,0x00000000ee780000,0x00000000f0700000)
 ParOldGen       total 91648K, used 91181K [0x0000000084a00000, 0x000000008a380000, 0x00000000d6e00000)
  object space 91648K, 99% used [0x0000000084a00000,0x000000008a30b408,0x000000008a380000)
 Metaspace       used 20632K, capacity 20910K, committed 21120K, reserved 1067008K
  class space    used 3310K, capacity 3409K, committed 3456K, reserved 1048576K
}
Event: 9.766 GC heap before
{Heap before GC invocations=15 (full 1):
 PSYoungGen      total 418304K, used 31740K [0x00000000d6e00000, 0x00000000f2700000, 0x0000000100000000)
  eden space 386560K, 0% used [0x00000000d6e00000,0x00000000d6e00000,0x00000000ee780000)
  from space 31744K, 99% used [0x00000000f0700000,0x00000000f25ff208,0x00000000f2600000)
  to   space 32256K, 0% used [0x00000000ee780000,0x00000000ee780000,0x00000000f0700000)
 ParOldGen       total 91648K, used 91181K [0x0000000084a00000, 0x000000008a380000, 0x00000000d6e00000)
  object space 91648K, 99% used [0x0000000084a00000,0x000000008a30b408,0x000000008a380000)
 Metaspace       used 20632K, capacity 20910K, committed 21120K, reserved 1067008K
  class space    used 3310K, capacity 3409K, committed 3456K, reserved 1048576K
Event: 10.023 GC heap after
Heap after GC invocations=15 (full 1):
 PSYoungGen      total 418304K, used 0K [0x00000000d6e00000, 0x00000000f2700000, 0x0000000100000000)
  eden space 386560K, 0% used [0x00000000d6e00000,0x00000000d6e00000,0x00000000ee780000)
  from space 31744K, 0% used [0x00000000f0700000,0x00000000f0700000,0x00000000f2600000)
  to   space 32256K, 0% used [0x00000000ee780000,0x00000000ee780000,0x00000000f0700000)
 ParOldGen       total 91648K, used 73115K [0x0000000084a00000, 0x000000008a380000, 0x00000000d6e00000)
  object space 91648K, 79% used [0x0000000084a00000,0x0000000089166f30,0x000000008a380000)
 Metaspace       used 20632K, capacity 20910K, committed 21120K, reserved 1067008K
  class space    used 3310K, capacity 3409K, committed 3456K, reserved 1048576K
}
Event: 11.033 GC heap before
{Heap before GC invocations=16 (full 2):
 PSYoungGen      total 418304K, used 386560K [0x00000000d6e00000, 0x00000000f2700000, 0x0000000100000000)
  eden space 386560K, 100% used [0x00000000d6e00000,0x00000000ee780000,0x00000000ee780000)
  from space 31744K, 0% used [0x00000000f0700000,0x00000000f0700000,0x00000000f2600000)
  to   space 32256K, 0% used [0x00000000ee780000,0x00000000ee780000,0x00000000f0700000)
 ParOldGen       total 91648K, used 73115K [0x0000000084a00000, 0x000000008a380000, 0x00000000d6e00000)
  object space 91648K, 79% used [0x0000000084a00000,0x0000000089166f30,0x000000008a380000)
 Metaspace       used 20632K, capacity 20910K, committed 21120K, reserved 1067008K
  class space    used 3310K, capacity 3409K, committed 3456K, reserved 1048576K
Event: 11.176 GC heap after
Heap after GC invocations=16 (full 2):
 PSYoungGen      total 418304K, used 0K [0x00000000d6e00000, 0x00000000f2700000, 0x0000000100000000)
  eden space 386560K, 0% used [0x00000000d6e00000,0x00000000d6e00000,0x00000000ee780000)
  from space 31744K, 0% used [0x00000000f0700000,0x00000000f0700000,0x00000000f2600000)
  to   space 32256K, 0% used [0x00000000ee780000,0x00000000ee780000,0x00000000f0700000)
 ParOldGen       total 112640K, used 40142K [0x0000000084a00000, 0x000000008b800000, 0x00000000d6e00000)
  object space 112640K, 35% used [0x0000000084a00000,0x0000000087133bc0,0x000000008b800000)
 Metaspace       used 20632K, capacity 20910K, committed 21120K, reserved 1067008K
  class space    used 3310K, capacity 3409K, committed 3456K, reserved 1048576K
}
Event: 11.593 GC heap before
{Heap before GC invocations=17 (full 2):
 PSYoungGen      total 418304K, used 386560K [0x00000000d6e00000, 0x00000000f2700000, 0x0000000100000000)
  eden space 386560K, 100% used [0x00000000d6e00000,0x00000000ee780000,0x00000000ee780000)
  from space 31744K, 0% used [0x00000000f0700000,0x00000000f0700000,0x00000000f2600000)
  to   space 32256K, 0% used [0x00000000ee780000,0x00000000ee780000,0x00000000f0700000)
 ParOldGen       total 112640K, used 40142K [0x0000000084a00000, 0x000000008b800000, 0x00000000d6e00000)
  object space 112640K, 35% used [0x0000000084a00000,0x0000000087133bc0,0x000000008b800000)
 Metaspace       used 20632K, capacity 20910K, committed 21120K, reserved 1067008K
  class space    used 3310K, capacity 3409K, committed 3456K, reserved 1048576K
Event: 11.628 GC heap after
Heap after GC invocations=17 (full 2):
 PSYoungGen      total 418816K, used 21096K [0x00000000d6e00000, 0x00000000f2700000, 0x0000000100000000)
  eden space 386560K, 0% used [0x00000000d6e00000,0x00000000d6e00000,0x00000000ee780000)
  from space 32256K, 65% used [0x00000000ee780000,0x00000000efc1a0c8,0x00000000f0700000)
  to   space 31744K, 0% used [0x00000000f0700000,0x00000000f0700000,0x00000000f2600000)
 ParOldGen       total 112640K, used 40142K [0x0000000084a00000, 0x000000008b800000, 0x00000000d6e00000)
  object space 112640K, 35% used [0x0000000084a00000,0x0000000087133bc0,0x000000008b800000)
 Metaspace       used 20632K, capacity 20910K, committed 21120K, reserved 1067008K
  class space    used 3310K, capacity 3409K, committed 3456K, reserved 1048576K
}

Deoptimization events (10 events):
Event: 12.844 Thread 0x0000021ffd4be000 Uncommon trap: reason=bimorphic action=maybe_recompile pc=0x0000021fe6e9195c method=java.util.regex.Matcher.match(II)Z @ 86
Event: 12.844 Thread 0x0000021ffd4be000 Uncommon trap: reason=bimorphic action=maybe_recompile pc=0x0000021fe6ec8d4c method=java.util.regex.Pattern$Slice.match(Ljava/util/regex/Matcher;ILjava/lang/CharSequence;)Z @ 75
Event: 12.844 Thread 0x0000021ffd4be000 Uncommon trap: reason=bimorphic action=maybe_recompile pc=0x0000021fe6e9195c method=java.util.regex.Matcher.match(II)Z @ 86
Event: 12.844 Thread 0x0000021ffd4be000 Uncommon trap: reason=bimorphic action=maybe_recompile pc=0x0000021fe6ec8d4c method=java.util.regex.Pattern$Slice.match(Ljava/util/regex/Matcher;ILjava/lang/CharSequence;)Z @ 75
Event: 12.845 Thread 0x0000021ffd4be000 Uncommon trap: reason=bimorphic action=maybe_recompile pc=0x0000021fe6e9195c method=java.util.regex.Matcher.match(II)Z @ 86
Event: 12.845 Thread 0x0000021ffd4be000 Uncommon trap: reason=bimorphic action=maybe_recompile pc=0x0000021fe6ec8d4c method=java.util.regex.Pattern$Slice.match(Ljava/util/regex/Matcher;ILjava/lang/CharSequence;)Z @ 75
Event: 12.845 Thread 0x0000021ffd4be000 Uncommon trap: reason=bimorphic action=maybe_recompile pc=0x0000021fe6e9195c method=java.util.regex.Matcher.match(II)Z @ 86
Event: 12.846 Thread 0x0000021ffd4be000 Uncommon trap: reason=bimorphic action=maybe_recompile pc=0x0000021fe6ec8d4c method=java.util.regex.Pattern$Slice.match(Ljava/util/regex/Matcher;ILjava/lang/CharSequence;)Z @ 75
Event: 12.850 Thread 0x0000021ffd4be000 Uncommon trap: reason=unstable_if action=reinterpret pc=0x0000021fe7046140 method=java.lang.String.toUpperCase(Ljava/util/Locale;)Ljava/lang/String; @ 130
Event: 12.893 Thread 0x0000021ffd4be000 Uncommon trap: reason=unstable_if action=reinterpret pc=0x0000021fe6f4a210 method=java.util.ArrayList.isEmpty()Z @ 4

Classes redefined (0 events):
No events

Internal exceptions (10 events):
Event: 0.339 Thread 0x0000021fe52fe800 Exception <a 'java/lang/ArrayIndexOutOfBoundsException': 160> (0x00000000d7898810) thrown at [C:\jenkins\workspace\8-2-build-windows-amd64-cygwin\jdk8u281\880\hotspot\src\share\vm\interpreter\interpreterRuntime.cpp, line 371]
Event: 0.342 Thread 0x0000021fe52fe800 Exception <a 'java/lang/ClassNotFoundException': org/apache/log4j/LayoutCustomizer> (0x00000000d78ab6f8) thrown at [C:\jenkins\workspace\8-2-build-windows-amd64-cygwin\jdk8u281\880\hotspot\src\share\vm\classfile\systemDictionary.cpp, line 212]
Event: 0.344 Thread 0x0000021fe52fe800 Exception <a 'java/lang/ClassNotFoundException': org/apache/log4j/PatternLayoutCustomizer> (0x00000000d78d3598) thrown at [C:\jenkins\workspace\8-2-build-windows-amd64-cygwin\jdk8u281\880\hotspot\src\share\vm\classfile\systemDictionary.cpp, line 212]
Event: 0.926 Thread 0x0000021fe52fe800 Implicit null exception at 0x0000021fe6f5bb5f to 0x0000021fe6f5c5c2
Event: 1.319 Thread 0x0000021fe52fe800 Implicit null exception at 0x0000021fe6fa6472 to 0x0000021fe6fa6b65
Event: 4.014 Thread 0x0000021fe52fe800 Implicit null exception at 0x0000021fe702ea91 to 0x0000021fe7031de5
Event: 6.785 Thread 0x0000021fe52fe800 Implicit null exception at 0x0000021fe6f91080 to 0x0000021fe6f91171
Event: 6.852 Thread 0x0000021fe52fe800 Implicit null exception at 0x0000021fe712f0cc to 0x0000021fe712f2c9
Event: 6.852 Thread 0x0000021fe52fe800 Implicit null exception at 0x0000021fe700d333 to 0x0000021fe700d459
Event: 6.876 Thread 0x0000021ffd4be000 Implicit null exception at 0x0000021fe6f33828 to 0x0000021fe6f33941

Events (10 events):
Event: 12.901 loading class sun/security/ssl/DummyX509KeyManager
Event: 12.901 loading class javax/net/ssl/X509ExtendedKeyManager
Event: 12.901 loading class javax/net/ssl/X509KeyManager
Event: 12.901 loading class javax/net/ssl/X509KeyManager done
Event: 12.901 loading class javax/net/ssl/X509ExtendedKeyManager done
Event: 12.901 loading class sun/security/ssl/DummyX509KeyManager done
Event: 12.901 loading class sun/security/provider/SecureRandom$SeederHolder
Event: 12.901 loading class sun/security/provider/SecureRandom$SeederHolder done
Event: 12.901 loading class sun/security/provider/NativeSeedGenerator
Event: 12.901 loading class sun/security/provider/NativeSeedGenerator done


Dynamic libraries:
0x00007ff67e290000 - 0x00007ff67e2d7000 	C:\Program Files\Java\jdk1.8.0_281\jre\bin\java.exe
0x00007ff942770000 - 0x00007ff942965000 	C:\WINDOWS\SYSTEM32\ntdll.dll
0x00007ff940bc0000 - 0x00007ff940c7d000 	C:\WINDOWS\System32\KERNEL32.DLL
0x00007ff9400c0000 - 0x00007ff940388000 	C:\WINDOWS\System32\KERNELBASE.dll
0x00007ff941e50000 - 0x00007ff941efc000 	C:\WINDOWS\System32\ADVAPI32.dll
0x00007ff940d80000 - 0x00007ff940e1e000 	C:\WINDOWS\System32\msvcrt.dll
0x00007ff942330000 - 0x00007ff9423cb000 	C:\WINDOWS\System32\sechost.dll
0x00007ff9408e0000 - 0x00007ff940a0b000 	C:\WINDOWS\System32\RPCRT4.dll
0x00007ff9420e0000 - 0x00007ff942280000 	C:\WINDOWS\System32\USER32.dll
0x00007ff940540000 - 0x00007ff940562000 	C:\WINDOWS\System32\win32u.dll
0x00007ff940b90000 - 0x00007ff940bba000 	C:\WINDOWS\System32\GDI32.dll
0x00007ff940610000 - 0x00007ff94071b000 	C:\WINDOWS\System32\gdi32full.dll
0x00007ff940570000 - 0x00007ff94060d000 	C:\WINDOWS\System32\msvcp_win.dll
0x00007ff940390000 - 0x00007ff940490000 	C:\WINDOWS\System32\ucrtbase.dll
0x00007ff92a220000 - 0x00007ff92a4ba000 	C:\WINDOWS\WinSxS\amd64_microsoft.windows.common-controls_6595b64144ccf1df_6.0.19041.844_none_ca00b6081b84eb1d\COMCTL32.dll
0x00007ff940c80000 - 0x00007ff940cb0000 	C:\WINDOWS\System32\IMM32.DLL
0x00007ff93c490000 - 0x00007ff93c4a5000 	C:\Program Files\Java\jdk1.8.0_281\jre\bin\vcruntime140.dll
0x00007ff937d10000 - 0x00007ff937dab000 	C:\Program Files\Java\jdk1.8.0_281\jre\bin\msvcp140.dll
0x0000000063650000 - 0x0000000063eaf000 	C:\Program Files\Java\jdk1.8.0_281\jre\bin\server\jvm.dll
0x00007ff940b00000 - 0x00007ff940b08000 	C:\WINDOWS\System32\PSAPI.DLL
0x00007ff93b220000 - 0x00007ff93b229000 	C:\WINDOWS\SYSTEM32\WSOCK32.dll
0x00007ff940e20000 - 0x00007ff940e8b000 	C:\WINDOWS\System32\WS2_32.dll
0x00007ff9353c0000 - 0x00007ff9353e7000 	C:\WINDOWS\SYSTEM32\WINMM.dll
0x00007ff934180000 - 0x00007ff93418a000 	C:\WINDOWS\SYSTEM32\VERSION.dll
0x00007ff93e740000 - 0x00007ff93e752000 	C:\WINDOWS\SYSTEM32\kernel.appcore.dll
0x00007ff93c480000 - 0x00007ff93c490000 	C:\Program Files\Java\jdk1.8.0_281\jre\bin\verify.dll
0x00007ff93c410000 - 0x00007ff93c43b000 	C:\Program Files\Java\jdk1.8.0_281\jre\bin\java.dll
0x00007ff93c460000 - 0x00007ff93c478000 	C:\Program Files\Java\jdk1.8.0_281\jre\bin\zip.dll
0x00007ff9414e0000 - 0x00007ff941c22000 	C:\WINDOWS\System32\SHELL32.dll
0x00007ff93de90000 - 0x00007ff93e620000 	C:\WINDOWS\SYSTEM32\windows.storage.dll
0x00007ff9423d0000 - 0x00007ff942725000 	C:\WINDOWS\System32\combase.dll
0x00007ff93f850000 - 0x00007ff93f87c000 	C:\WINDOWS\SYSTEM32\Wldp.dll
0x00007ff9407d0000 - 0x00007ff94087e000 	C:\WINDOWS\System32\SHCORE.dll
0x00007ff941f60000 - 0x00007ff941fb5000 	C:\WINDOWS\System32\shlwapi.dll
0x00007ff93fdf0000 - 0x00007ff93fe0f000 	C:\WINDOWS\SYSTEM32\profapi.dll
0x00007ff93c3f0000 - 0x00007ff93c40c000 	C:\Program Files\Java\jdk1.8.0_281\jre\bin\net.dll
0x00007ff93f630000 - 0x00007ff93f69a000 	C:\WINDOWS\system32\mswsock.dll
0x00007ff9213a0000 - 0x00007ff9213c4000 	C:\Program Files\Java\jdk1.8.0_281\jre\bin\sunec.dll
0x00007ff939d20000 - 0x00007ff939d2d000 	C:\Program Files\Java\jdk1.8.0_281\jre\bin\sunmscapi.dll
0x00007ff93ff00000 - 0x00007ff94005f000 	C:\WINDOWS\System32\CRYPT32.dll
0x00007ff93f990000 - 0x00007ff93f9b7000 	C:\WINDOWS\SYSTEM32\ncrypt.dll
0x00007ff93f950000 - 0x00007ff93f98b000 	C:\WINDOWS\SYSTEM32\NTASN1.dll
0x00007ff93f2f0000 - 0x00007ff93f32b000 	C:\WINDOWS\SYSTEM32\IPHLPAPI.DLL
0x00007ff940a10000 - 0x00007ff940a18000 	C:\WINDOWS\System32\NSI.dll
0x00007ff9395f0000 - 0x00007ff939607000 	C:\WINDOWS\SYSTEM32\dhcpcsvc6.DLL
0x00007ff9395d0000 - 0x00007ff9395ed000 	C:\WINDOWS\SYSTEM32\dhcpcsvc.DLL
0x00007ff93f330000 - 0x00007ff93f3fc000 	C:\WINDOWS\SYSTEM32\DNSAPI.dll
0x00007ff93c3d0000 - 0x00007ff93c3e3000 	C:\Program Files\Java\jdk1.8.0_281\jre\bin\nio.dll
0x00007ff93f890000 - 0x00007ff93f8a8000 	C:\WINDOWS\SYSTEM32\CRYPTSP.dll
0x00007ff93ef80000 - 0x00007ff93efb4000 	C:\WINDOWS\system32\rsaenh.dll
0x00007ff940510000 - 0x00007ff940537000 	C:\WINDOWS\System32\bcrypt.dll
0x00007ff93fdb0000 - 0x00007ff93fdde000 	C:\WINDOWS\SYSTEM32\USERENV.dll
0x00007ff940490000 - 0x00007ff940510000 	C:\WINDOWS\System32\bcryptprimitives.dll

VM Arguments:
jvm_args: -Dfile.encoding=UTF-8 
java_command: com.thoughtworks.gauge.GaugeRuntime
java_class_path (initial): C:\Program Files\Java\jdk1.8.0_281\jre\lib\charsets.jar;C:\Program Files\Java\jdk1.8.0_281\jre\lib\deploy.jar;C:\Program Files\Java\jdk1.8.0_281\jre\lib\ext\access-bridge-64.jar;C:\Program Files\Java\jdk1.8.0_281\jre\lib\ext\cldrdata.jar;C:\Program Files\Java\jdk1.8.0_281\jre\lib\ext\dnsns.jar;C:\Program Files\Java\jdk1.8.0_281\jre\lib\ext\jaccess.jar;C:\Program Files\Java\jdk1.8.0_281\jre\lib\ext\jfxrt.jar;C:\Program Files\Java\jdk1.8.0_281\jre\lib\ext\localedata.jar;C:\Program Files\Java\jdk1.8.0_281\jre\lib\ext\nashorn.jar;C:\Program Files\Java\jdk1.8.0_281\jre\lib\ext\sunec.jar;C:\Program Files\Java\jdk1.8.0_281\jre\lib\ext\sunjce_provider.jar;C:\Program Files\Java\jdk1.8.0_281\jre\lib\ext\sunmscapi.jar;C:\Program Files\Java\jdk1.8.0_281\jre\lib\ext\sunpkcs11.jar;C:\Program Files\Java\jdk1.8.0_281\jre\lib\ext\zipfs.jar;C:\Program Files\Java\jdk1.8.0_281\jre\lib\javaws.jar;C:\Program Files\Java\jdk1.8.0_281\jre\lib\jce.jar;C:\Program Files\Java\jdk1.8.0_281\jre\lib\jfr.jar;C:\Program Files\Java\jdk1.8.0_281\jre\lib\jfxswt.jar;C:\Program Files\Java\jdk1.8.0_281\jre\lib\jsse.jar;C:\Program Files\Java\jdk1.8.0_281\jre\lib\management-agent.jar;C:\Program Files\Java\jdk1.8.0_281\jre\lib\plugin.jar;C:\Program Files\Java\jdk1.8.0_281\jre\lib\resources.jar;C:\Program Files\Java\jdk1.8.0_281\jre\lib\rt.jar;C:\Users\testinium\IdeaProjects\THY\target\test-classes;C:\Users\testinium\IdeaProjects\THY\target\classes;C:\Users\testinium\.m2\repository\junit\junit\4.12\junit-4.12.jar;C:\Users\testinium\.m2\repository\org\hamcrest\hamcrest-core\1.3\hamcrest-core-1.3.jar;C:\Users\testinium\.m2\repository\com\thoughtworks\gauge\gauge-java\0.7.3\gauge-java-0.7.3.jar;C:\Users\testinium\.m2\repository\org\assertj\assertj-core\3.14.0\assertj-core-3.14.0.jar;C:\Users\testinium\.m2\repository\org\reflections\reflections\0.9.11\reflections-0.9.11.jar;C:\Users\testinium\.m2\repository\org\javassist\javassist\3.21.0-GA\javassist-3.21.0-GA.jar;C:\Users\testinium\.
Launcher Type: SUN_STANDARD

Environment Variables:
JAVA_HOME=C:\Program Files\Java\jdk1.8.0_281
PATH=C:\Program Files (x86)\Common Files\Oracle\Java\javapath;C:\Windows\system32;C:\Windows;C:\Windows\System32\Wbem;C:\Windows\System32\WindowsPowerShell\v1.0\;C:\Windows\System32\OpenSSH\;C:\Program Files\nodejs\;C:\Program Files\Maven\apache-maven-3.8.1\bin;C:\Program Files\Java\jdk1.8.0_281\bin;C:\Program Files\Gauge\bin;C:\WINDOWS\system32;C:\WINDOWS;C:\WINDOWS\System32\Wbem;C:\WINDOWS\System32\WindowsPowerShell\v1.0\;C:\WINDOWS\System32\OpenSSH\;C:\Program Files\Git\cmd;C:\Users\testinium\AppData\Local\Android\Sdk\platform-tools;C:\Users\testinium\AppData\Local\Android\Sdk\tools;C:\Users\testinium\AppData\Local\Android\Sdk\build-tools;C:\Users\testinium\AppData\Local\Microsoft\WindowsApps;C:\Users\testinium\AppData\Roaming\npm;;C:\Users\testinium\AppData\Roaming\gauge\plugins\screenshot\0.0.1
USERNAME=testinium
OS=Windows_NT
PROCESSOR_IDENTIFIER=Intel64 Family 6 Model 140 Stepping 1, GenuineIntel



---------------  S Y S T E M  ---------------

OS: Windows 10.0 , 64 bit Build 19041 (10.0.19041.928)

CPU:total 8 (initial active 8) (4 cores per cpu, 2 threads per core) family 6 model 140 stepping 1, cmov, cx8, fxsr, mmx, sse, sse2, sse3, ssse3, sse4.1, sse4.2, popcnt, avx, avx2, aes, clmul, erms, 3dnowpref, lzcnt, ht, tsc, tscinvbit, bmi1, bmi2, adx

Memory: 4k page, physical 8083572k(279104k free), swap 33249396k(9944k free)

vm_info: Java HotSpot(TM) 64-Bit Server VM (25.281-b09) for windows-amd64 JRE (1.8.0_281-b09), built on Dec  9 2020 13:54:07 by "" with MS VC++ 15.9 (VS2017)

time: Wed Jun  2 01:01:45 2021
timezone: Türkiye Standart Saati
elapsed time: 12.923482 seconds (0d 0h 0m 12s)

